This is XeTeX, Version 3.141592653-2.6-0.999997 (MiKTeX 25.4) (preloaded format=xelatex 2025.10.22)  26 NOV 2025 22:10
entering extended mode
 \write18 enabled.
 file:line:error style messages enabled.
 %&-line parsing enabled.
**"d:/Hada Touya/Olympiad/ONMIPA Wilayah/Buku Pembahasan ONMIPA Wilayah.tex"
(d:/Hada Touya/Olympiad/ONMIPA Wilayah/Buku Pembahasan ONMIPA Wilayah.tex
LaTeX2e <2025-06-01> patch level 1
L3 programming layer <2025-09-02>
(C:\Users\Lenovo\AppData\Local\Programs\MiKTeX\tex/latex/base\article.cls
Document Class: article 2025/01/22 v1.4n Standard LaTeX document class
(C:\Users\Lenovo\AppData\Local\Programs\MiKTeX\tex/latex/base\size12.clo
File: size12.clo 2025/01/22 v1.4n Standard LaTeX file (size option)
)
\c@part=\count271
\c@section=\count272
\c@subsection=\count273
\c@subsubsection=\count274
\c@paragraph=\count275
\c@subparagraph=\count276
\c@figure=\count277
\c@table=\count278
\abovecaptionskip=\skip49
\belowcaptionskip=\skip50
\bibindent=\dimen148
) (C:\Users\Lenovo\AppData\Local\Programs\MiKTeX\tex/latex/geometry\geometry.sty
Package: geometry 2020/01/02 v5.9 Page Geometry
 (C:\Users\Lenovo\AppData\Local\Programs\MiKTeX\tex/latex/graphics\keyval.sty
Package: keyval 2022/05/29 v1.15 key=value parser (DPC)
\KV@toks@=\toks17
) (C:\Users\Lenovo\AppData\Local\Programs\MiKTeX\tex/generic/iftex\ifvtex.sty
Package: ifvtex 2019/10/25 v1.7 ifvtex legacy package. Use iftex instead.
 (C:\Users\Lenovo\AppData\Local\Programs\MiKTeX\tex/generic/iftex\iftex.sty
Package: iftex 2024/12/12 v1.0g TeX engine tests
))
\Gm@cnth=\count279
\Gm@cntv=\count280
\c@Gm@tempcnt=\count281
\Gm@bindingoffset=\dimen149
\Gm@wd@mp=\dimen150
\Gm@odd@mp=\dimen151
\Gm@even@mp=\dimen152
\Gm@layoutwidth=\dimen153
\Gm@layoutheight=\dimen154
\Gm@layouthoffset=\dimen155
\Gm@layoutvoffset=\dimen156
\Gm@dimlist=\toks18
 (C:\Users\Lenovo\AppData\Local\Programs\MiKTeX\tex/latex/geometry\geometry.cfg)) (C:\Users\Lenovo\AppData\Local\Programs\MiKTeX\tex/latex/tools\tabularx.sty
Package: tabularx 2023/12/11 v2.12a `tabularx' package (DPC)
 (C:\Users\Lenovo\AppData\Local\Programs\MiKTeX\tex/latex/tools\array.sty
Package: array 2025/06/08 v2.6j Tabular extension package (FMi)
\col@sep=\dimen157
\ar@mcellbox=\box53
\extrarowheight=\dimen158
\NC@list=\toks19
\extratabsurround=\skip51
\backup@length=\skip52
\ar@cellbox=\box54
)
\TX@col@width=\dimen159
\TX@old@table=\dimen160
\TX@old@col=\dimen161
\TX@target=\dimen162
\TX@delta=\dimen163
\TX@cols=\count282
\TX@ftn=\toks20
) (C:\Users\Lenovo\AppData\Local\Programs\MiKTeX\tex/latex/fancyhdr\fancyhdr.sty
Package: fancyhdr 2025/02/07 v5.2 Extensive control of page headers and footers
\f@nch@headwidth=\skip53
\f@nch@offset@elh=\skip54
\f@nch@offset@erh=\skip55
\f@nch@offset@olh=\skip56
\f@nch@offset@orh=\skip57
\f@nch@offset@elf=\skip58
\f@nch@offset@erf=\skip59
\f@nch@offset@olf=\skip60
\f@nch@offset@orf=\skip61
\f@nch@height=\skip62
\f@nch@footalignment=\skip63
\f@nch@widthL=\skip64
\f@nch@widthC=\skip65
\f@nch@widthR=\skip66
\@temptokenb=\toks21
) (C:\Users\Lenovo\AppData\Local\Programs\MiKTeX\tex/latex/setspace\setspace.sty
Package: setspace 2022/12/04 v6.7b set line spacing
) (C:\Users\Lenovo\AppData\Local\Programs\MiKTeX\tex/latex/graphics\graphicx.sty
Package: graphicx 2024/12/31 v1.2e Enhanced LaTeX Graphics (DPC,SPQR)
 (C:\Users\Lenovo\AppData\Local\Programs\MiKTeX\tex/latex/graphics\graphics.sty
Package: graphics 2024/08/06 v1.4g Standard LaTeX Graphics (DPC,SPQR)
 (C:\Users\Lenovo\AppData\Local\Programs\MiKTeX\tex/latex/graphics\trig.sty
Package: trig 2023/12/02 v1.11 sin cos tan (DPC)
) (C:\Users\Lenovo\AppData\Local\Programs\MiKTeX\tex/latex/graphics-cfg\graphics.cfg
File: graphics.cfg 2016/06/04 v1.11 sample graphics configuration
)
Package graphics Info: Driver file: xetex.def on input line 106.
 (C:\Users\Lenovo\AppData\Local\Programs\MiKTeX\tex/latex/graphics-def\xetex.def
File: xetex.def 2022/09/22 v5.0n Graphics/color driver for xetex
))
\Gin@req@height=\dimen164
\Gin@req@width=\dimen165
) (C:\Users\Lenovo\AppData\Local\Programs\MiKTeX\tex/latex/base\fontenc.sty
Package: fontenc 2024/12/21 v2.1c Standard LaTeX package
) (C:\Users\Lenovo\AppData\Local\Programs\MiKTeX\tex/latex/xcolor\xcolor.sty
Package: xcolor 2024/09/29 v3.02 LaTeX color extensions (UK)
 (C:\Users\Lenovo\AppData\Local\Programs\MiKTeX\tex/latex/graphics-cfg\color.cfg
File: color.cfg 2016/01/02 v1.6 sample color configuration
)
Package xcolor Info: Driver file: xetex.def on input line 274.
 (C:\Users\Lenovo\AppData\Local\Programs\MiKTeX\tex/latex/graphics\mathcolor.ltx)
Package xcolor Info: Model `cmy' substituted by `cmy0' on input line 1349.
Package xcolor Info: Model `RGB' extended on input line 1365.
Package xcolor Info: Model `HTML' substituted by `rgb' on input line 1367.
Package xcolor Info: Model `Hsb' substituted by `hsb' on input line 1368.
Package xcolor Info: Model `tHsb' substituted by `hsb' on input line 1369.
Package xcolor Info: Model `HSB' substituted by `hsb' on input line 1370.
Package xcolor Info: Model `Gray' substituted by `gray' on input line 1371.
Package xcolor Info: Model `wave' substituted by `hsb' on input line 1372.
) (C:\Users\Lenovo\AppData\Local\Programs\MiKTeX\tex/latex/lm\lmodern.sty
Package: lmodern 2015/05/01 v1.6.1 Latin Modern Fonts
LaTeX Font Info:    Overwriting symbol font `operators' in version `normal'
(Font)                  OT1/cmr/m/n --> OT1/lmr/m/n on input line 22.
LaTeX Font Info:    Overwriting symbol font `letters' in version `normal'
(Font)                  OML/cmm/m/it --> OML/lmm/m/it on input line 23.
LaTeX Font Info:    Overwriting symbol font `symbols' in version `normal'
(Font)                  OMS/cmsy/m/n --> OMS/lmsy/m/n on input line 24.
LaTeX Font Info:    Overwriting symbol font `largesymbols' in version `normal'
(Font)                  OMX/cmex/m/n --> OMX/lmex/m/n on input line 25.
LaTeX Font Info:    Overwriting symbol font `operators' in version `bold'
(Font)                  OT1/cmr/bx/n --> OT1/lmr/bx/n on input line 26.
LaTeX Font Info:    Overwriting symbol font `letters' in version `bold'
(Font)                  OML/cmm/b/it --> OML/lmm/b/it on input line 27.
LaTeX Font Info:    Overwriting symbol font `symbols' in version `bold'
(Font)                  OMS/cmsy/b/n --> OMS/lmsy/b/n on input line 28.
LaTeX Font Info:    Overwriting symbol font `largesymbols' in version `bold'
(Font)                  OMX/cmex/m/n --> OMX/lmex/m/n on input line 29.
LaTeX Font Info:    Overwriting math alphabet `\mathbf' in version `normal'
(Font)                  OT1/cmr/bx/n --> OT1/lmr/bx/n on input line 31.
LaTeX Font Info:    Overwriting math alphabet `\mathsf' in version `normal'
(Font)                  OT1/cmss/m/n --> OT1/lmss/m/n on input line 32.
LaTeX Font Info:    Overwriting math alphabet `\mathit' in version `normal'
(Font)                  OT1/cmr/m/it --> OT1/lmr/m/it on input line 33.
LaTeX Font Info:    Overwriting math alphabet `\mathtt' in version `normal'
(Font)                  OT1/cmtt/m/n --> OT1/lmtt/m/n on input line 34.
LaTeX Font Info:    Overwriting math alphabet `\mathbf' in version `bold'
(Font)                  OT1/cmr/bx/n --> OT1/lmr/bx/n on input line 35.
LaTeX Font Info:    Overwriting math alphabet `\mathsf' in version `bold'
(Font)                  OT1/cmss/bx/n --> OT1/lmss/bx/n on input line 36.
LaTeX Font Info:    Overwriting math alphabet `\mathit' in version `bold'
(Font)                  OT1/cmr/bx/it --> OT1/lmr/bx/it on input line 37.
LaTeX Font Info:    Overwriting math alphabet `\mathtt' in version `bold'
(Font)                  OT1/cmtt/m/n --> OT1/lmtt/m/n on input line 38.
) (C:\Users\Lenovo\AppData\Local\Programs\MiKTeX\tex/latex/base\ifthen.sty
Package: ifthen 2024/03/16 v1.1e Standard LaTeX ifthen package (DPC)
) (C:\Users\Lenovo\AppData\Local\Programs\MiKTeX\tex/latex/tools\afterpage.sty
Package: afterpage 2023/07/04 v1.08 After-Page Package (DPC)
\AP@output=\toks22
\AP@partial=\box55
\AP@footins=\box56
) (C:\Users\Lenovo\AppData\Local\Programs\MiKTeX\tex/latex/amsfonts\amssymb.sty
Package: amssymb 2013/01/14 v3.01 AMS font symbols
 (C:\Users\Lenovo\AppData\Local\Programs\MiKTeX\tex/latex/amsfonts\amsfonts.sty
Package: amsfonts 2013/01/14 v3.01 Basic AMSFonts support
\@emptytoks=\toks23
\symAMSa=\mathgroup4
\symAMSb=\mathgroup5
LaTeX Font Info:    Redeclaring math symbol \hbar on input line 98.
LaTeX Font Info:    Overwriting math alphabet `\mathfrak' in version `bold'
(Font)                  U/euf/m/n --> U/euf/b/n on input line 106.
)) (C:\Users\Lenovo\AppData\Local\Programs\MiKTeX\tex/latex/titlesec\titlesec.sty
Package: titlesec 2025/01/04 v2.17 Sectioning titles
\ttl@box=\box57
\beforetitleunit=\skip67
\aftertitleunit=\skip68
\ttl@plus=\dimen166
\ttl@minus=\dimen167
\ttl@toksa=\toks24
\titlewidth=\dimen168
\titlewidthlast=\dimen169
\titlewidthfirst=\dimen170
) (C:\Users\Lenovo\AppData\Local\Programs\MiKTeX\tex/latex/amsmath\amsmath.sty
Package: amsmath 2025/06/16 v2.17y AMS math features
\@mathmargin=\skip69

For additional information on amsmath, use the `?' option.
(C:\Users\Lenovo\AppData\Local\Programs\MiKTeX\tex/latex/amsmath\amstext.sty
Package: amstext 2024/11/17 v2.01 AMS text
 (C:\Users\Lenovo\AppData\Local\Programs\MiKTeX\tex/latex/amsmath\amsgen.sty
File: amsgen.sty 1999/11/30 v2.0 generic functions
\@emptytoks=\toks25
\ex@=\dimen171
)) (C:\Users\Lenovo\AppData\Local\Programs\MiKTeX\tex/latex/amsmath\amsbsy.sty
Package: amsbsy 1999/11/29 v1.2d Bold Symbols
\pmbraise@=\dimen172
) (C:\Users\Lenovo\AppData\Local\Programs\MiKTeX\tex/latex/amsmath\amsopn.sty
Package: amsopn 2022/04/08 v2.04 operator names
)
\inf@bad=\count283
LaTeX Info: Redefining \frac on input line 233.
\uproot@=\count284
\leftroot@=\count285
LaTeX Info: Redefining \overline on input line 398.
LaTeX Info: Redefining \colon on input line 409.
\classnum@=\count286
\DOTSCASE@=\count287
LaTeX Info: Redefining \ldots on input line 495.
LaTeX Info: Redefining \dots on input line 498.
LaTeX Info: Redefining \cdots on input line 619.
\Mathstrutbox@=\box58
\strutbox@=\box59
LaTeX Info: Redefining \big on input line 721.
LaTeX Info: Redefining \Big on input line 722.
LaTeX Info: Redefining \bigg on input line 723.
LaTeX Info: Redefining \Bigg on input line 724.
\big@size=\dimen173
LaTeX Font Info:    Redeclaring font encoding OML on input line 742.
LaTeX Font Info:    Redeclaring font encoding OMS on input line 743.
\macc@depth=\count288
LaTeX Info: Redefining \bmod on input line 904.
LaTeX Info: Redefining \pmod on input line 909.
LaTeX Info: Redefining \smash on input line 939.
LaTeX Info: Redefining \relbar on input line 969.
LaTeX Info: Redefining \Relbar on input line 970.
\c@MaxMatrixCols=\count289
\dotsspace@=\muskip17
\c@parentequation=\count290
\dspbrk@lvl=\count291
\tag@help=\toks26
\row@=\count292
\column@=\count293
\maxfields@=\count294
\andhelp@=\toks27
\eqnshift@=\dimen174
\alignsep@=\dimen175
\tagshift@=\dimen176
\tagwidth@=\dimen177
\totwidth@=\dimen178
\lineht@=\dimen179
\@envbody=\toks28
\multlinegap=\skip70
\multlinetaggap=\skip71
\mathdisplay@stack=\toks29
LaTeX Info: Redefining \[ on input line 2949.
LaTeX Info: Redefining \] on input line 2950.
) (C:\Users\Lenovo\AppData\Local\Programs\MiKTeX\tex/latex/amscls\amsthm.sty
Package: amsthm 2020/05/29 v2.20.6
\thm@style=\toks30
\thm@bodyfont=\toks31
\thm@headfont=\toks32
\thm@notefont=\toks33
\thm@headpunct=\toks34
\thm@preskip=\skip72
\thm@postskip=\skip73
\thm@headsep=\skip74
\dth@everypar=\toks35
) (C:\Users\Lenovo\AppData\Local\Programs\MiKTeX\tex/latex/tools\multicol.sty
Package: multicol 2025/05/25 v2.0a multicolumn formatting (FMi)
\c@tracingmulticols=\count295
\mult@box=\box60
\multicol@leftmargin=\dimen180
\c@unbalance=\count296
\c@collectmore=\count297
\doublecol@number=\count298
\multicoltolerance=\count299
\multicolpretolerance=\count300
\full@width=\dimen181
\page@free=\dimen182
\premulticols=\dimen183
\postmulticols=\dimen184
\multicolsep=\skip75
\multicolbaselineskip=\skip76
\partial@page=\box61
\last@line=\box62
\mc@boxedresult=\box63
\maxbalancingoverflow=\dimen185
\mult@rightbox=\box64
\mult@grightbox=\box65
\mult@firstbox=\box66
\mult@gfirstbox=\box67
\@tempa=\box68
\@tempa=\box69
\@tempa=\box70
\@tempa=\box71
\@tempa=\box72
\@tempa=\box73
\@tempa=\box74
\@tempa=\box75
\@tempa=\box76
\@tempa=\box77
\@tempa=\box78
\@tempa=\box79
\@tempa=\box80
\@tempa=\box81
\@tempa=\box82
\@tempa=\box83
\@tempa=\box84
\@tempa=\box85
\@tempa=\box86
\@tempa=\box87
\@tempa=\box88
\@tempa=\box89
\@tempa=\box90
\@tempa=\box91
\@tempa=\box92
\@tempa=\box93
\@tempa=\box94
\@tempa=\box95
\@tempa=\box96
\@tempa=\box97
\@tempa=\box98
\@tempa=\box99
\@tempa=\box100
\@tempa=\box101
\@tempa=\box102
\@tempa=\box103
\c@minrows=\count301
\c@columnbadness=\count302
\c@finalcolumnbadness=\count303
\last@try=\dimen186
\multicolovershoot=\dimen187
\multicolundershoot=\dimen188
\mult@nat@firstbox=\box104
\colbreak@box=\box105
\mc@col@check@num=\count304
\g__mc_curr_col_int=\count305
) (C:\Users\Lenovo\AppData\Local\Programs\MiKTeX\tex/latex/scalerel\scalerel.sty
Package: scalerel 2016/12/29 v1.8 Routines for constrained scaling and stretching of objects, relative to a reference object or in absolute terms
 (C:\Users\Lenovo\AppData\Local\Programs\MiKTeX\tex/latex/tools\calc.sty
Package: calc 2025/03/01 v4.3b Infix arithmetic (KKT,FJ)
\calc@Acount=\count306
\calc@Bcount=\count307
\calc@Adimen=\dimen189
\calc@Bdimen=\dimen190
\calc@Askip=\skip77
\calc@Bskip=\skip78
LaTeX Info: Redefining \setlength on input line 86.
LaTeX Info: Redefining \addtolength on input line 87.
\calc@Ccount=\count308
\calc@Cskip=\skip79
) (C:\Users\Lenovo\AppData\Local\Programs\MiKTeX\tex/latex/etoolbox\etoolbox.sty
Package: etoolbox 2025/02/11 v2.5l e-TeX tools for LaTeX (JAW)
\etb@tempcnta=\count309
)
\thesrwidth=\skip80
\thesrheight=\skip81
\srblobheight=\skip82
\srblobdepth=\skip83
\mnxsrwidth=\skip84
\LMex=\skip85
\LMpt=\skip86
) (C:\Users\Lenovo\AppData\Local\Programs\MiKTeX\tex/latex/tools\bm.sty
Package: bm 2023/12/19 v1.2f Bold Symbol Support (DPC/FMi)
\symboldoperators=\mathgroup6
\symboldletters=\mathgroup7
\symboldsymbols=\mathgroup8
Package bm Info: No bold for \OMX/lmex/m/n, using \pmb.
Package bm Info: No bold for \U/msa/m/n, using \pmb.
Package bm Info: No bold for \U/msb/m/n, using \pmb.
LaTeX Font Info:    Redeclaring math alphabet \mathbf on input line 149.
) (C:\Users\Lenovo\AppData\Local\Programs\MiKTeX\tex/latex/tools\longtable.sty
Package: longtable 2024-12-18 v4.23 Multi-page Table package (DPC)
\LTleft=\skip87
\LTright=\skip88
\LTpre=\skip89
\LTpost=\skip90
\LTchunksize=\count310
\LTcapwidth=\dimen191
\LT@head=\box106
\LT@firsthead=\box107
\LT@foot=\box108
\LT@lastfoot=\box109
\LT@gbox=\box110
\LT@cols=\count311
\LT@rows=\count312
\c@LT@tables=\count313
\c@LT@chunks=\count314
\LT@p@ftn=\toks36
) (C:\Users\Lenovo\AppData\Local\Programs\MiKTeX\tex/latex/todonotes\todonotes.sty
Package: todonotes 2024/01/05 v1.1.7 Todonotes source and documentation.
Package: todonotes 2024/01/05
 (C:\Users\Lenovo\AppData\Local\Programs\MiKTeX\tex/latex/xkeyval\xkeyval.sty
Package: xkeyval 2022/06/16 v2.9 package option processing (HA)
 (C:\Users\Lenovo\AppData\Local\Programs\MiKTeX\tex/generic/xkeyval\xkeyval.tex (C:\Users\Lenovo\AppData\Local\Programs\MiKTeX\tex/generic/xkeyval\xkvutils.tex
\XKV@toks=\toks37
\XKV@tempa@toks=\toks38
)
\XKV@depth=\count315
File: xkeyval.tex 2014/12/03 v2.7a key=value parser (HA)
)) (C:\Users\Lenovo\AppData\Local\Programs\MiKTeX\tex/latex/pgf/frontendlayer\tikz.sty (C:\Users\Lenovo\AppData\Local\Programs\MiKTeX\tex/latex/pgf/basiclayer\pgf.sty (C:\Users\Lenovo\AppData\Local\Programs\MiKTeX\tex/latex/pgf/utilities\pgfrcs.sty (C:\Users\Lenovo\AppData\Local\Programs\MiKTeX\tex/generic/pgf/utilities\pgfutil-common.tex
\pgfutil@everybye=\toks39
\pgfutil@tempdima=\dimen192
\pgfutil@tempdimb=\dimen193
) (C:\Users\Lenovo\AppData\Local\Programs\MiKTeX\tex/generic/pgf/utilities\pgfutil-latex.def
\pgfutil@abb=\box111
) (C:\Users\Lenovo\AppData\Local\Programs\MiKTeX\tex/generic/pgf/utilities\pgfrcs.code.tex (C:\Users\Lenovo\AppData\Local\Programs\MiKTeX\tex/generic/pgf\pgf.revision.tex)
Package: pgfrcs 2025-08-29 v3.1.11a (3.1.11a)
))
Package: pgf 2025-08-29 v3.1.11a (3.1.11a)
 (C:\Users\Lenovo\AppData\Local\Programs\MiKTeX\tex/latex/pgf/basiclayer\pgfcore.sty (C:\Users\Lenovo\AppData\Local\Programs\MiKTeX\tex/latex/pgf/systemlayer\pgfsys.sty (C:\Users\Lenovo\AppData\Local\Programs\MiKTeX\tex/generic/pgf/systemlayer\pgfsys.code.tex
Package: pgfsys 2025-08-29 v3.1.11a (3.1.11a)
 (C:\Users\Lenovo\AppData\Local\Programs\MiKTeX\tex/generic/pgf/utilities\pgfkeys.code.tex
\pgfkeys@pathtoks=\toks40
\pgfkeys@temptoks=\toks41
 (C:\Users\Lenovo\AppData\Local\Programs\MiKTeX\tex/generic/pgf/utilities\pgfkeyslibraryfiltered.code.tex
\pgfkeys@tmptoks=\toks42
))
\pgf@x=\dimen194
\pgf@y=\dimen195
\pgf@xa=\dimen196
\pgf@ya=\dimen197
\pgf@xb=\dimen198
\pgf@yb=\dimen199
\pgf@xc=\dimen256
\pgf@yc=\dimen257
\pgf@xd=\dimen258
\pgf@yd=\dimen259
\w@pgf@writea=\write3
\r@pgf@reada=\read2
\c@pgf@counta=\count316
\c@pgf@countb=\count317
\c@pgf@countc=\count318
\c@pgf@countd=\count319
\t@pgf@toka=\toks43
\t@pgf@tokb=\toks44
\t@pgf@tokc=\toks45
\pgf@sys@id@count=\count320
 (C:\Users\Lenovo\AppData\Local\Programs\MiKTeX\tex/generic/pgf/systemlayer\pgf.cfg
File: pgf.cfg 2025-08-29 v3.1.11a (3.1.11a)
)
Driver file for pgf: pgfsys-xetex.def
 (C:\Users\Lenovo\AppData\Local\Programs\MiKTeX\tex/generic/pgf/systemlayer\pgfsys-xetex.def
File: pgfsys-xetex.def 2025-08-29 v3.1.11a (3.1.11a)
 (C:\Users\Lenovo\AppData\Local\Programs\MiKTeX\tex/generic/pgf/systemlayer\pgfsys-dvipdfmx.def
File: pgfsys-dvipdfmx.def 2025-08-29 v3.1.11a (3.1.11a)
 (C:\Users\Lenovo\AppData\Local\Programs\MiKTeX\tex/generic/pgf/systemlayer\pgfsys-common-pdf.def
File: pgfsys-common-pdf.def 2025-08-29 v3.1.11a (3.1.11a)
)
\pgfsys@objnum=\count321
))) (C:\Users\Lenovo\AppData\Local\Programs\MiKTeX\tex/generic/pgf/systemlayer\pgfsyssoftpath.code.tex
File: pgfsyssoftpath.code.tex 2025-08-29 v3.1.11a (3.1.11a)
\pgfsyssoftpath@smallbuffer@items=\count322
\pgfsyssoftpath@bigbuffer@items=\count323
) (C:\Users\Lenovo\AppData\Local\Programs\MiKTeX\tex/generic/pgf/systemlayer\pgfsysprotocol.code.tex
File: pgfsysprotocol.code.tex 2025-08-29 v3.1.11a (3.1.11a)
)) (C:\Users\Lenovo\AppData\Local\Programs\MiKTeX\tex/generic/pgf/basiclayer\pgfcore.code.tex
Package: pgfcore 2025-08-29 v3.1.11a (3.1.11a)
 (C:\Users\Lenovo\AppData\Local\Programs\MiKTeX\tex/generic/pgf/math\pgfmath.code.tex (C:\Users\Lenovo\AppData\Local\Programs\MiKTeX\tex/generic/pgf/math\pgfmathutil.code.tex) (C:\Users\Lenovo\AppData\Local\Programs\MiKTeX\tex/generic/pgf/math\pgfmathparser.code.tex
\pgfmath@dimen=\dimen260
\pgfmath@count=\count324
\pgfmath@box=\box112
\pgfmath@toks=\toks46
\pgfmath@stack@operand=\toks47
\pgfmath@stack@operation=\toks48
) (C:\Users\Lenovo\AppData\Local\Programs\MiKTeX\tex/generic/pgf/math\pgfmathfunctions.code.tex) (C:\Users\Lenovo\AppData\Local\Programs\MiKTeX\tex/generic/pgf/math\pgfmathfunctions.basic.code.tex) (C:\Users\Lenovo\AppData\Local\Programs\MiKTeX\tex/generic/pgf/math\pgfmathfunctions.trigonometric.code.tex) (C:\Users\Lenovo\AppData\Local\Programs\MiKTeX\tex/generic/pgf/math\pgfmathfunctions.random.code.tex) (C:\Users\Lenovo\AppData\Local\Programs\MiKTeX\tex/generic/pgf/math\pgfmathfunctions.comparison.code.tex) (C:\Users\Lenovo\AppData\Local\Programs\MiKTeX\tex/generic/pgf/math\pgfmathfunctions.base.code.tex) (C:\Users\Lenovo\AppData\Local\Programs\MiKTeX\tex/generic/pgf/math\pgfmathfunctions.round.code.tex) (C:\Users\Lenovo\AppData\Local\Programs\MiKTeX\tex/generic/pgf/math\pgfmathfunctions.misc.code.tex) (C:\Users\Lenovo\AppData\Local\Programs\MiKTeX\tex/generic/pgf/math\pgfmathfunctions.integerarithmetics.code.tex) (C:\Users\Lenovo\AppData\Local\Programs\MiKTeX\tex/generic/pgf/math\pgfmathcalc.code.tex) (C:\Users\Lenovo\AppData\Local\Programs\MiKTeX\tex/generic/pgf/math\pgfmathfloat.code.tex
\c@pgfmathroundto@lastzeros=\count325
)) (C:\Users\Lenovo\AppData\Local\Programs\MiKTeX\tex/generic/pgf/math\pgfint.code.tex) (C:\Users\Lenovo\AppData\Local\Programs\MiKTeX\tex/generic/pgf/basiclayer\pgfcorepoints.code.tex
File: pgfcorepoints.code.tex 2025-08-29 v3.1.11a (3.1.11a)
\pgf@picminx=\dimen261
\pgf@picmaxx=\dimen262
\pgf@picminy=\dimen263
\pgf@picmaxy=\dimen264
\pgf@pathminx=\dimen265
\pgf@pathmaxx=\dimen266
\pgf@pathminy=\dimen267
\pgf@pathmaxy=\dimen268
\pgf@xx=\dimen269
\pgf@xy=\dimen270
\pgf@yx=\dimen271
\pgf@yy=\dimen272
\pgf@zx=\dimen273
\pgf@zy=\dimen274
) (C:\Users\Lenovo\AppData\Local\Programs\MiKTeX\tex/generic/pgf/basiclayer\pgfcorepathconstruct.code.tex
File: pgfcorepathconstruct.code.tex 2025-08-29 v3.1.11a (3.1.11a)
\pgf@path@lastx=\dimen275
\pgf@path@lasty=\dimen276
) (C:\Users\Lenovo\AppData\Local\Programs\MiKTeX\tex/generic/pgf/basiclayer\pgfcorepathusage.code.tex
File: pgfcorepathusage.code.tex 2025-08-29 v3.1.11a (3.1.11a)
\pgf@shorten@end@additional=\dimen277
\pgf@shorten@start@additional=\dimen278
) (C:\Users\Lenovo\AppData\Local\Programs\MiKTeX\tex/generic/pgf/basiclayer\pgfcorescopes.code.tex
File: pgfcorescopes.code.tex 2025-08-29 v3.1.11a (3.1.11a)
\pgfpic=\box113
\pgf@hbox=\box114
\pgf@layerbox@main=\box115
\pgf@picture@serial@count=\count326
) (C:\Users\Lenovo\AppData\Local\Programs\MiKTeX\tex/generic/pgf/basiclayer\pgfcoregraphicstate.code.tex
File: pgfcoregraphicstate.code.tex 2025-08-29 v3.1.11a (3.1.11a)
\pgflinewidth=\dimen279
) (C:\Users\Lenovo\AppData\Local\Programs\MiKTeX\tex/generic/pgf/basiclayer\pgfcoretransformations.code.tex
File: pgfcoretransformations.code.tex 2025-08-29 v3.1.11a (3.1.11a)
\pgf@pt@x=\dimen280
\pgf@pt@y=\dimen281
\pgf@pt@temp=\dimen282
) (C:\Users\Lenovo\AppData\Local\Programs\MiKTeX\tex/generic/pgf/basiclayer\pgfcorequick.code.tex
File: pgfcorequick.code.tex 2025-08-29 v3.1.11a (3.1.11a)
) (C:\Users\Lenovo\AppData\Local\Programs\MiKTeX\tex/generic/pgf/basiclayer\pgfcoreobjects.code.tex
File: pgfcoreobjects.code.tex 2025-08-29 v3.1.11a (3.1.11a)
) (C:\Users\Lenovo\AppData\Local\Programs\MiKTeX\tex/generic/pgf/basiclayer\pgfcorepathprocessing.code.tex
File: pgfcorepathprocessing.code.tex 2025-08-29 v3.1.11a (3.1.11a)
) (C:\Users\Lenovo\AppData\Local\Programs\MiKTeX\tex/generic/pgf/basiclayer\pgfcorearrows.code.tex
File: pgfcorearrows.code.tex 2025-08-29 v3.1.11a (3.1.11a)
\pgfarrowsep=\dimen283
) (C:\Users\Lenovo\AppData\Local\Programs\MiKTeX\tex/generic/pgf/basiclayer\pgfcoreshade.code.tex
File: pgfcoreshade.code.tex 2025-08-29 v3.1.11a (3.1.11a)
\pgf@max=\dimen284
\pgf@sys@shading@range@num=\count327
\pgf@shadingcount=\count328
) (C:\Users\Lenovo\AppData\Local\Programs\MiKTeX\tex/generic/pgf/basiclayer\pgfcoreimage.code.tex
File: pgfcoreimage.code.tex 2025-08-29 v3.1.11a (3.1.11a)
) (C:\Users\Lenovo\AppData\Local\Programs\MiKTeX\tex/generic/pgf/basiclayer\pgfcoreexternal.code.tex
File: pgfcoreexternal.code.tex 2025-08-29 v3.1.11a (3.1.11a)
\pgfexternal@startupbox=\box116
) (C:\Users\Lenovo\AppData\Local\Programs\MiKTeX\tex/generic/pgf/basiclayer\pgfcorelayers.code.tex
File: pgfcorelayers.code.tex 2025-08-29 v3.1.11a (3.1.11a)
) (C:\Users\Lenovo\AppData\Local\Programs\MiKTeX\tex/generic/pgf/basiclayer\pgfcoretransparency.code.tex
File: pgfcoretransparency.code.tex 2025-08-29 v3.1.11a (3.1.11a)
) (C:\Users\Lenovo\AppData\Local\Programs\MiKTeX\tex/generic/pgf/basiclayer\pgfcorepatterns.code.tex
File: pgfcorepatterns.code.tex 2025-08-29 v3.1.11a (3.1.11a)
) (C:\Users\Lenovo\AppData\Local\Programs\MiKTeX\tex/generic/pgf/basiclayer\pgfcorerdf.code.tex
File: pgfcorerdf.code.tex 2025-08-29 v3.1.11a (3.1.11a)
))) (C:\Users\Lenovo\AppData\Local\Programs\MiKTeX\tex/generic/pgf/modules\pgfmoduleshapes.code.tex
File: pgfmoduleshapes.code.tex 2025-08-29 v3.1.11a (3.1.11a)
\pgfnodeparttextbox=\box117
) (C:\Users\Lenovo\AppData\Local\Programs\MiKTeX\tex/generic/pgf/modules\pgfmoduleplot.code.tex
File: pgfmoduleplot.code.tex 2025-08-29 v3.1.11a (3.1.11a)
) (C:\Users\Lenovo\AppData\Local\Programs\MiKTeX\tex/latex/pgf/compatibility\pgfcomp-version-0-65.sty
Package: pgfcomp-version-0-65 2025-08-29 v3.1.11a (3.1.11a)
\pgf@nodesepstart=\dimen285
\pgf@nodesepend=\dimen286
) (C:\Users\Lenovo\AppData\Local\Programs\MiKTeX\tex/latex/pgf/compatibility\pgfcomp-version-1-18.sty
Package: pgfcomp-version-1-18 2025-08-29 v3.1.11a (3.1.11a)
)) (C:\Users\Lenovo\AppData\Local\Programs\MiKTeX\tex/latex/pgf/utilities\pgffor.sty (C:\Users\Lenovo\AppData\Local\Programs\MiKTeX\tex/latex/pgf/utilities\pgfkeys.sty (C:\Users\Lenovo\AppData\Local\Programs\MiKTeX\tex/generic/pgf/utilities\pgfkeys.code.tex)) (C:\Users\Lenovo\AppData\Local\Programs\MiKTeX\tex/latex/pgf/math\pgfmath.sty (C:\Users\Lenovo\AppData\Local\Programs\MiKTeX\tex/generic/pgf/math\pgfmath.code.tex)) (C:\Users\Lenovo\AppData\Local\Programs\MiKTeX\tex/generic/pgf/utilities\pgffor.code.tex
Package: pgffor 2025-08-29 v3.1.11a (3.1.11a)
\pgffor@iter=\dimen287
\pgffor@skip=\dimen288
\pgffor@stack=\toks49
\pgffor@toks=\toks50
)) (C:\Users\Lenovo\AppData\Local\Programs\MiKTeX\tex/generic/pgf/frontendlayer/tikz\tikz.code.tex
Package: tikz 2025-08-29 v3.1.11a (3.1.11a)
 (C:\Users\Lenovo\AppData\Local\Programs\MiKTeX\tex/generic/pgf/libraries\pgflibraryplothandlers.code.tex
File: pgflibraryplothandlers.code.tex 2025-08-29 v3.1.11a (3.1.11a)
\pgf@plot@mark@count=\count329
\pgfplotmarksize=\dimen289
)
\tikz@lastx=\dimen290
\tikz@lasty=\dimen291
\tikz@lastxsaved=\dimen292
\tikz@lastysaved=\dimen293
\tikz@lastmovetox=\dimen294
\tikz@lastmovetoy=\dimen295
\tikzleveldistance=\dimen296
\tikzsiblingdistance=\dimen297
\tikz@figbox=\box118
\tikz@figbox@bg=\box119
\tikz@tempbox=\box120
\tikz@tempbox@bg=\box121
\tikztreelevel=\count330
\tikznumberofchildren=\count331
\tikznumberofcurrentchild=\count332
\tikz@fig@count=\count333
 (C:\Users\Lenovo\AppData\Local\Programs\MiKTeX\tex/generic/pgf/modules\pgfmodulematrix.code.tex
File: pgfmodulematrix.code.tex 2025-08-29 v3.1.11a (3.1.11a)
\pgfmatrixcurrentrow=\count334
\pgfmatrixcurrentcolumn=\count335
\pgf@matrix@numberofcolumns=\count336
)
\tikz@expandcount=\count337
 (C:\Users\Lenovo\AppData\Local\Programs\MiKTeX\tex/generic/pgf/frontendlayer/tikz/libraries\tikzlibrarytopaths.code.tex
File: tikzlibrarytopaths.code.tex 2025-08-29 v3.1.11a (3.1.11a)
))) (C:\Users\Lenovo\AppData\Local\Programs\MiKTeX\tex/generic/pgf/frontendlayer/tikz/libraries\tikzlibrarypositioning.code.tex
File: tikzlibrarypositioning.code.tex 2025-08-29 v3.1.11a (3.1.11a)
)
\c@@todonotes@numberoftodonotes=\count338
) (C:\Users\Lenovo\AppData\Local\Programs\MiKTeX\tex/latex/pgfplots\pgfplots.sty (C:\Users\Lenovo\AppData\Local\Programs\MiKTeX\tex/generic/pgfplots\pgfplots.revision.tex)
Package: pgfplots 2021/05/15 v1.18.1 Data Visualization (1.18.1)
 (C:\Users\Lenovo\AppData\Local\Programs\MiKTeX\tex/generic/pgfplots\pgfplots.code.tex (C:\Users\Lenovo\AppData\Local\Programs\MiKTeX\tex/generic/pgfplots\pgfplotscore.code.tex
\t@pgfplots@toka=\toks51
\t@pgfplots@tokb=\toks52
\t@pgfplots@tokc=\toks53
\pgfplots@tmpa=\dimen298
\c@pgfplots@coordindex=\count339
\c@pgfplots@scanlineindex=\count340
 (C:\Users\Lenovo\AppData\Local\Programs\MiKTeX\tex/generic/pgfplots/sys\pgfplotssysgeneric.code.tex)) (C:\Users\Lenovo\AppData\Local\Programs\MiKTeX\tex/generic/pgfplots/libs\pgfplotslibrary.code.tex) (C:\Users\Lenovo\AppData\Local\Programs\MiKTeX\tex/generic/pgfplots/oldpgfcompatib\pgfplotsoldpgfsupp_loader.code.tex (C:\Users\Lenovo\AppData\Local\Programs\MiKTeX\tex/generic/pgf/libraries\pgflibraryfpu.code.tex)
Package pgfplots: loading complementary utilities for your pgf version...
\t@pgf@toka=\toks54
\t@pgf@tokb=\toks55
\t@pgf@tokc=\toks56
(C:\Users\Lenovo\AppData\Local\Programs\MiKTeX\tex/generic/pgfplots/oldpgfcompatib\pgfplotsoldpgfsupp_pgfutil-common-lists.tex)) (C:\Users\Lenovo\AppData\Local\Programs\MiKTeX\tex/generic/pgfplots/util\pgfplotsutil.code.tex (C:\Users\Lenovo\AppData\Local\Programs\MiKTeX\tex/generic/pgfplots/liststructure\pgfplotsliststructure.code.tex) (C:\Users\Lenovo\AppData\Local\Programs\MiKTeX\tex/generic/pgfplots/liststructure\pgfplotsliststructureext.code.tex) (C:\Users\Lenovo\AppData\Local\Programs\MiKTeX\tex/generic/pgfplots/liststructure\pgfplotsarray.code.tex
\c@pgfplotsarray@tmp=\count341
) (C:\Users\Lenovo\AppData\Local\Programs\MiKTeX\tex/generic/pgfplots/liststructure\pgfplotsmatrix.code.tex) (C:\Users\Lenovo\AppData\Local\Programs\MiKTeX\tex/generic/pgfplots/numtable\pgfplotstableshared.code.tex
\c@pgfplotstable@counta=\count342
\t@pgfplotstable@a=\toks57
) (C:\Users\Lenovo\AppData\Local\Programs\MiKTeX\tex/generic/pgfplots/liststructure\pgfplotsdeque.code.tex) (C:\Users\Lenovo\AppData\Local\Programs\MiKTeX\tex/generic/pgfplots/util\pgfplotsbinary.code.tex (C:\Users\Lenovo\AppData\Local\Programs\MiKTeX\tex/generic/pgfplots/util\pgfplotsbinary.data.code.tex)) (C:\Users\Lenovo\AppData\Local\Programs\MiKTeX\tex/generic/pgfplots/util\pgfplotsutil.verb.code.tex) (C:\Users\Lenovo\AppData\Local\Programs\MiKTeX\tex/generic/pgfplots/libs\pgflibrarypgfplots.surfshading.code.tex
\c@pgfplotslibrarysurf@no=\count343
 (C:\Users\Lenovo\AppData\Local\Programs\MiKTeX\tex/generic/pgfplots/sys\pgflibrarypgfplots.surfshading.pgfsys-xetex.def (C:\Users\Lenovo\AppData\Local\Programs\MiKTeX\tex/generic/pgfplots/sys\pgflibrarypgfplots.surfshading.pgfsys-dvipdfmx.def
\c@pgfplotslibrarysurf@streamlen=\count344
)))) (C:\Users\Lenovo\AppData\Local\Programs\MiKTeX\tex/generic/pgfplots/util\pgfplotscolormap.code.tex (C:\Users\Lenovo\AppData\Local\Programs\MiKTeX\tex/generic/pgfplots/util\pgfplotscolor.code.tex)) (C:\Users\Lenovo\AppData\Local\Programs\MiKTeX\tex/generic/pgfplots\pgfplotsstackedplots.code.tex) (C:\Users\Lenovo\AppData\Local\Programs\MiKTeX\tex/generic/pgfplots\pgfplotsplothandlers.code.tex (C:\Users\Lenovo\AppData\Local\Programs\MiKTeX\tex/generic/pgfplots\pgfplotsmeshplothandler.code.tex (C:\Users\Lenovo\AppData\Local\Programs\MiKTeX\tex/generic/pgfplots\pgfplotsmeshplotimage.code.tex))) (C:\Users\Lenovo\AppData\Local\Programs\MiKTeX\tex/generic/pgfplots\pgfplots.scaling.code.tex) (C:\Users\Lenovo\AppData\Local\Programs\MiKTeX\tex/generic/pgfplots\pgfplotscoordprocessing.code.tex) (C:\Users\Lenovo\AppData\Local\Programs\MiKTeX\tex/generic/pgfplots\pgfplots.errorbars.code.tex) (C:\Users\Lenovo\AppData\Local\Programs\MiKTeX\tex/generic/pgfplots\pgfplots.markers.code.tex) (C:\Users\Lenovo\AppData\Local\Programs\MiKTeX\tex/generic/pgfplots\pgfplotsticks.code.tex) (C:\Users\Lenovo\AppData\Local\Programs\MiKTeX\tex/generic/pgfplots\pgfplots.paths.code.tex) (C:\Users\Lenovo\AppData\Local\Programs\MiKTeX\tex/generic/pgf/frontendlayer/tikz/libraries\tikzlibrarydecorations.code.tex (C:\Users\Lenovo\AppData\Local\Programs\MiKTeX\tex/generic/pgf/modules\pgfmoduledecorations.code.tex
\pgfdecoratedcompleteddistance=\dimen299
\pgfdecoratedremainingdistance=\dimen300
\pgfdecoratedinputsegmentcompleteddistance=\dimen301
\pgfdecoratedinputsegmentremainingdistance=\dimen302
\pgf@decorate@distancetomove=\dimen303
\pgf@decorate@repeatstate=\count345
\pgfdecorationsegmentamplitude=\dimen304
\pgfdecorationsegmentlength=\dimen305
)
\tikz@lib@dec@box=\box122
) (C:\Users\Lenovo\AppData\Local\Programs\MiKTeX\tex/generic/pgf/frontendlayer/tikz/libraries\tikzlibrarydecorations.pathmorphing.code.tex (C:\Users\Lenovo\AppData\Local\Programs\MiKTeX\tex/generic/pgf/libraries/decorations\pgflibrarydecorations.pathmorphing.code.tex)) (C:\Users\Lenovo\AppData\Local\Programs\MiKTeX\tex/generic/pgf/frontendlayer/tikz/libraries\tikzlibrarydecorations.pathreplacing.code.tex (C:\Users\Lenovo\AppData\Local\Programs\MiKTeX\tex/generic/pgf/libraries/decorations\pgflibrarydecorations.pathreplacing.code.tex)) (C:\Users\Lenovo\AppData\Local\Programs\MiKTeX\tex/generic/pgfplots/libs\tikzlibrarypgfplots.contourlua.code.tex)
\pgfplots@numplots=\count346
\pgfplots@xmin@reg=\dimen306
\pgfplots@xmax@reg=\dimen307
\pgfplots@ymin@reg=\dimen308
\pgfplots@ymax@reg=\dimen309
\pgfplots@zmin@reg=\dimen310
\pgfplots@zmax@reg=\dimen311
) (C:\Users\Lenovo\AppData\Local\Programs\MiKTeX\tex/generic/pgf/frontendlayer/tikz/libraries\tikzlibraryplotmarks.code.tex
File: tikzlibraryplotmarks.code.tex 2025-08-29 v3.1.11a (3.1.11a)
 (C:\Users\Lenovo\AppData\Local\Programs\MiKTeX\tex/generic/pgf/libraries\pgflibraryplotmarks.code.tex
File: pgflibraryplotmarks.code.tex 2025-08-29 v3.1.11a (3.1.11a)
))) (C:\Users\Lenovo\AppData\Local\Programs\MiKTeX\tex/latex/physics\physics.sty
Package: physics 
 (C:\Users\Lenovo\AppData\Local\Programs\MiKTeX\tex/latex/l3packages/xparse\xparse.sty (C:\Users\Lenovo\AppData\Local\Programs\MiKTeX\tex/latex/l3kernel\expl3.sty
Package: expl3 2025-09-02 L3 programming layer (loader) 
 (C:\Users\Lenovo\AppData\Local\Programs\MiKTeX\tex/latex/l3backend\l3backend-xetex.def
File: l3backend-xetex.def 2025-06-09 L3 backend support: XeTeX
\g__graphics_track_int=\count347
\g__pdfannot_backend_int=\count348
\g__pdfannot_backend_link_int=\count349
))
Package: xparse 2024-08-16 L3 Experimental document command parser
)) (C:\Users\Lenovo\AppData\Local\Programs\MiKTeX\tex/latex/hyperref\hyperref.sty
Package: hyperref 2025-07-12 v7.01o Hypertext links for LaTeX
 (C:\Users\Lenovo\AppData\Local\Programs\MiKTeX\tex/latex/kvsetkeys\kvsetkeys.sty
Package: kvsetkeys 2022-10-05 v1.19 Key value parser (HO)
) (C:\Users\Lenovo\AppData\Local\Programs\MiKTeX\tex/generic/kvdefinekeys\kvdefinekeys.sty
Package: kvdefinekeys 2019-12-19 v1.6 Define keys (HO)
) (C:\Users\Lenovo\AppData\Local\Programs\MiKTeX\tex/generic/pdfescape\pdfescape.sty
Package: pdfescape 2019/12/09 v1.15 Implements pdfTeX's escape features (HO)
 (C:\Users\Lenovo\AppData\Local\Programs\MiKTeX\tex/generic/ltxcmds\ltxcmds.sty
Package: ltxcmds 2023-12-04 v1.26 LaTeX kernel commands for general use (HO)
) (C:\Users\Lenovo\AppData\Local\Programs\MiKTeX\tex/generic/pdftexcmds\pdftexcmds.sty
Package: pdftexcmds 2020-06-27 v0.33 Utility functions of pdfTeX for LuaTeX (HO)
 (C:\Users\Lenovo\AppData\Local\Programs\MiKTeX\tex/generic/infwarerr\infwarerr.sty
Package: infwarerr 2019/12/03 v1.5 Providing info/warning/error messages (HO)
)
Package pdftexcmds Info: \pdf@primitive is available.
Package pdftexcmds Info: \pdf@ifprimitive is available.
Package pdftexcmds Info: \pdfdraftmode not found.
)) (C:\Users\Lenovo\AppData\Local\Programs\MiKTeX\tex/latex/hycolor\hycolor.sty
Package: hycolor 2020-01-27 v1.10 Color options for hyperref/bookmark (HO)
) (C:\Users\Lenovo\AppData\Local\Programs\MiKTeX\tex/latex/hyperref\nameref.sty
Package: nameref 2025-06-21 v2.57 Cross-referencing by name of section
 (C:\Users\Lenovo\AppData\Local\Programs\MiKTeX\tex/latex/refcount\refcount.sty
Package: refcount 2019/12/15 v3.6 Data extraction from label references (HO)
) (C:\Users\Lenovo\AppData\Local\Programs\MiKTeX\tex/generic/gettitlestring\gettitlestring.sty
Package: gettitlestring 2019/12/15 v1.6 Cleanup title references (HO)
 (C:\Users\Lenovo\AppData\Local\Programs\MiKTeX\tex/latex/kvoptions\kvoptions.sty
Package: kvoptions 2022-06-15 v3.15 Key value format for package options (HO)
))
\c@section@level=\count350
) (C:\Users\Lenovo\AppData\Local\Programs\MiKTeX\tex/generic/stringenc\stringenc.sty
Package: stringenc 2019/11/29 v1.12 Convert strings between diff. encodings (HO)
)
\@linkdim=\dimen312
\Hy@linkcounter=\count351
\Hy@pagecounter=\count352
 (C:\Users\Lenovo\AppData\Local\Programs\MiKTeX\tex/latex/hyperref\pd1enc.def
File: pd1enc.def 2025-07-12 v7.01o Hyperref: PDFDocEncoding definition (HO)
) (C:\Users\Lenovo\AppData\Local\Programs\MiKTeX\tex/generic/intcalc\intcalc.sty
Package: intcalc 2019/12/15 v1.3 Expandable calculations with integers (HO)
)
\Hy@SavedSpaceFactor=\count353
 (C:\Users\Lenovo\AppData\Local\Programs\MiKTeX\tex/latex/hyperref\puenc.def
File: puenc.def 2025-07-12 v7.01o Hyperref: PDF Unicode definition (HO)
)
Package hyperref Info: Hyper figures OFF on input line 4195.
Package hyperref Info: Link nesting OFF on input line 4200.
Package hyperref Info: Hyper index ON on input line 4203.
Package hyperref Info: Plain pages OFF on input line 4210.
Package hyperref Info: Backreferencing OFF on input line 4215.
Package hyperref Info: Implicit mode ON; LaTeX internals redefined.
Package hyperref Info: Bookmarks ON on input line 4462.
\c@Hy@tempcnt=\count354
 (C:\Users\Lenovo\AppData\Local\Programs\MiKTeX\tex/latex/url\url.sty
\Urlmuskip=\muskip18
Package: url 2013/09/16  ver 3.4  Verb mode for urls, etc.
)
LaTeX Info: Redefining \url on input line 4801.
\XeTeXLinkMargin=\dimen313
 (C:\Users\Lenovo\AppData\Local\Programs\MiKTeX\tex/generic/bitset\bitset.sty
Package: bitset 2019/12/09 v1.3 Handle bit-vector datatype (HO)
 (C:\Users\Lenovo\AppData\Local\Programs\MiKTeX\tex/generic/bigintcalc\bigintcalc.sty
Package: bigintcalc 2019/12/15 v1.5 Expandable calculations on big integers (HO)
))
\Fld@menulength=\count355
\Field@Width=\dimen314
\Fld@charsize=\dimen315
Package hyperref Info: Hyper figures OFF on input line 6078.
Package hyperref Info: Link nesting OFF on input line 6083.
Package hyperref Info: Hyper index ON on input line 6086.
Package hyperref Info: backreferencing OFF on input line 6093.
Package hyperref Info: Link coloring OFF on input line 6098.
Package hyperref Info: Link coloring with OCG OFF on input line 6103.
Package hyperref Info: PDF/A mode OFF on input line 6108.
\Hy@abspage=\count356
\c@Item=\count357
\c@Hfootnote=\count358
)
Package hyperref Info: Driver (autodetected): hxetex.
 (C:\Users\Lenovo\AppData\Local\Programs\MiKTeX\tex/latex/hyperref\hxetex.def
File: hxetex.def 2025-07-12 v7.01o Hyperref driver for XeTeX
\pdfm@box=\box123
\c@Hy@AnnotLevel=\count359
\HyField@AnnotCount=\count360
\Fld@listcount=\count361
\c@bookmark@seq@number=\count362
 (C:\Users\Lenovo\AppData\Local\Programs\MiKTeX\tex/latex/rerunfilecheck\rerunfilecheck.sty
Package: rerunfilecheck 2025-06-21 v1.11 Rerun checks for auxiliary files (HO)
 (C:\Users\Lenovo\AppData\Local\Programs\MiKTeX\tex/generic/uniquecounter\uniquecounter.sty
Package: uniquecounter 2019/12/15 v1.4 Provide unlimited unique counter (HO)
)
Package uniquecounter Info: New unique counter `rerunfilecheck' on input line 284.
)
\Hy@SectionHShift=\skip91
) (C:\Users\Lenovo\AppData\Local\Programs\MiKTeX\tex/latex/base\textcomp.sty
Package: textcomp 2024/04/24 v2.1b Standard LaTeX package
) (C:\Users\Lenovo\AppData\Local\Programs\MiKTeX\tex/generic/pgf/frontendlayer/tikz/libraries\tikzlibraryarrows.code.tex
File: tikzlibraryarrows.code.tex 2025-08-29 v3.1.11a (3.1.11a)
 (C:\Users\Lenovo\AppData\Local\Programs\MiKTeX\tex/generic/pgf/libraries\pgflibraryarrows.code.tex
File: pgflibraryarrows.code.tex 2025-08-29 v3.1.11a (3.1.11a)
\arrowsize=\dimen316
)) (C:\Users\Lenovo\AppData\Local\Programs\MiKTeX\tex/latex/pdfpages\pdfpages.sty
Package: pdfpages 2025/07/23 v0.6g Insert pages of external PDF documents (AM)
 (C:\Users\Lenovo\AppData\Local\Programs\MiKTeX\tex/latex/eso-pic\eso-pic.sty
Package: eso-pic 2023/05/03 v3.0c eso-pic (RN)
\ESO@tempdima=\dimen317
\ESO@tempdimb=\dimen318
)
\AM@pagewidth=\dimen319
\AM@pageheight=\dimen320
\AM@fboxrule=\dimen321
 (C:\Users\Lenovo\AppData\Local\Programs\MiKTeX\tex/latex/pdfpages\ppxetex.def
File: ppxetex.def 2025/07/23 v0.6g Pdfpages driver for XeTeX (AM)
)
\pdfpages@includegraphics@status=\count363
\AM@pagebox=\box124
\AM@global@opts=\toks58
\AM@pagecnt=\count364
\AM@toc@title=\toks59
\AM@lof@heading=\toks60
\c@AM@survey=\count365
\AM@templatesizebox=\box125
) (C:\Users\Lenovo\AppData\Local\Programs\MiKTeX\tex/generic/pgf/frontendlayer/tikz/libraries\tikzlibraryshapes.code.tex
File: tikzlibraryshapes.code.tex 2025-08-29 v3.1.11a (3.1.11a)
 (C:\Users\Lenovo\AppData\Local\Programs\MiKTeX\tex/generic/pgf/frontendlayer/tikz/libraries\tikzlibraryshapes.geometric.code.tex
File: tikzlibraryshapes.geometric.code.tex 2025-08-29 v3.1.11a (3.1.11a)
 (C:\Users\Lenovo\AppData\Local\Programs\MiKTeX\tex/generic/pgf/libraries/shapes\pgflibraryshapes.geometric.code.tex
File: pgflibraryshapes.geometric.code.tex 2025-08-29 v3.1.11a (3.1.11a)
)) (C:\Users\Lenovo\AppData\Local\Programs\MiKTeX\tex/generic/pgf/frontendlayer/tikz/libraries\tikzlibraryshapes.misc.code.tex
File: tikzlibraryshapes.misc.code.tex 2025-08-29 v3.1.11a (3.1.11a)
 (C:\Users\Lenovo\AppData\Local\Programs\MiKTeX\tex/generic/pgf/libraries/shapes\pgflibraryshapes.misc.code.tex
File: pgflibraryshapes.misc.code.tex 2025-08-29 v3.1.11a (3.1.11a)
)) (C:\Users\Lenovo\AppData\Local\Programs\MiKTeX\tex/generic/pgf/frontendlayer/tikz/libraries\tikzlibraryshapes.symbols.code.tex
File: tikzlibraryshapes.symbols.code.tex 2025-08-29 v3.1.11a (3.1.11a)
 (C:\Users\Lenovo\AppData\Local\Programs\MiKTeX\tex/generic/pgf/libraries/shapes\pgflibraryshapes.symbols.code.tex
File: pgflibraryshapes.symbols.code.tex 2025-08-29 v3.1.11a (3.1.11a)
)) (C:\Users\Lenovo\AppData\Local\Programs\MiKTeX\tex/generic/pgf/frontendlayer/tikz/libraries\tikzlibraryshapes.arrows.code.tex
File: tikzlibraryshapes.arrows.code.tex 2025-08-29 v3.1.11a (3.1.11a)
 (C:\Users\Lenovo\AppData\Local\Programs\MiKTeX\tex/generic/pgf/libraries/shapes\pgflibraryshapes.arrows.code.tex
File: pgflibraryshapes.arrows.code.tex 2025-08-29 v3.1.11a (3.1.11a)
)) (C:\Users\Lenovo\AppData\Local\Programs\MiKTeX\tex/generic/pgf/frontendlayer/tikz/libraries\tikzlibraryshapes.callouts.code.tex (C:\Users\Lenovo\AppData\Local\Programs\MiKTeX\tex/generic/pgf/libraries/shapes\pgflibraryshapes.callouts.code.tex)) (C:\Users\Lenovo\AppData\Local\Programs\MiKTeX\tex/generic/pgf/frontendlayer/tikz/libraries\tikzlibraryshapes.multipart.code.tex
File: tikzlibraryshapes.multipart.code.tex 2025-08-29 v3.1.11a (3.1.11a)
 (C:\Users\Lenovo\AppData\Local\Programs\MiKTeX\tex/generic/pgf/libraries/shapes\pgflibraryshapes.multipart.code.tex
File: pgflibraryshapes.multipart.code.tex 2025-08-29 v3.1.11a (3.1.11a)
\pgfnodepartlowerbox=\box126
\pgfnodeparttwobox=\box127
\pgfnodepartthreebox=\box128
\pgfnodepartfourbox=\box129
\pgfnodeparttwentybox=\box130
\pgfnodepartnineteenbox=\box131
\pgfnodeparteighteenbox=\box132
\pgfnodepartseventeenbox=\box133
\pgfnodepartsixteenbox=\box134
\pgfnodepartfifteenbox=\box135
\pgfnodepartfourteenbox=\box136
\pgfnodepartthirteenbox=\box137
\pgfnodeparttwelvebox=\box138
\pgfnodepartelevenbox=\box139
\pgfnodeparttenbox=\box140
\pgfnodepartninebox=\box141
\pgfnodeparteightbox=\box142
\pgfnodepartsevenbox=\box143
\pgfnodepartsixbox=\box144
\pgfnodepartfivebox=\box145
)))
\c@choice=\count366
 (Buku Pembahasan ONMIPA Wilayah.aux)
\openout1 = `"Buku Pembahasan ONMIPA Wilayah.aux"'.

LaTeX Font Info:    Checking defaults for OML/cmm/m/it on input line 87.
LaTeX Font Info:    ... okay on input line 87.
LaTeX Font Info:    Checking defaults for OMS/cmsy/m/n on input line 87.
LaTeX Font Info:    ... okay on input line 87.
LaTeX Font Info:    Checking defaults for OT1/cmr/m/n on input line 87.
LaTeX Font Info:    ... okay on input line 87.
LaTeX Font Info:    Checking defaults for T1/cmr/m/n on input line 87.
LaTeX Font Info:    ... okay on input line 87.
LaTeX Font Info:    Checking defaults for TS1/cmr/m/n on input line 87.
LaTeX Font Info:    ... okay on input line 87.
LaTeX Font Info:    Checking defaults for TU/lmr/m/n on input line 87.
LaTeX Font Info:    ... okay on input line 87.
LaTeX Font Info:    Checking defaults for OMX/cmex/m/n on input line 87.
LaTeX Font Info:    ... okay on input line 87.
LaTeX Font Info:    Checking defaults for U/cmr/m/n on input line 87.
LaTeX Font Info:    ... okay on input line 87.
LaTeX Font Info:    Checking defaults for PD1/pdf/m/n on input line 87.
LaTeX Font Info:    ... okay on input line 87.
LaTeX Font Info:    Checking defaults for PU/pdf/m/n on input line 87.
LaTeX Font Info:    ... okay on input line 87.

*geometry* driver: auto-detecting
*geometry* detected driver: xetex
*geometry* verbose mode - [ preamble ] result:
* driver: xetex
* paper: b5paper
* layout: <same size as paper>
* layoutoffset:(h,v)=(0.0pt,0.0pt)
* bindingoffset: 28.45274pt
* modes: twoside 
* h-part:(L,W,R)=(45.5244pt, 381.26695pt, 45.5244pt)
* v-part:(T,H,B)=(56.9055pt, 597.50789pt, 56.9055pt)
* \paperwidth=500.7685pt
* \paperheight=711.3189pt
* \textwidth=381.26695pt
* \textheight=597.50789pt
* \oddsidemargin=1.70715pt
* \evensidemargin=-26.74559pt
* \topmargin=-52.36449pt
* \headheight=15.0pt
* \headsep=25.0pt
* \topskip=12.0pt
* \footskip=30.0pt
* \marginparwidth=95.0pt
* \marginparsep=10.0pt
* \columnsep=10.0pt
* \skip\footins=10.8pt plus 4.0pt minus 2.0pt
* \hoffset=0.0pt
* \voffset=0.0pt
* \mag=1000
* \@twocolumnfalse
* \@twosidetrue
* \@mparswitchtrue
* \@reversemarginfalse
* (1in=72.27pt=25.4mm, 1cm=28.453pt)

Package pgfplots notification 'compat/show suggested version=true': document has been generated with the most recent feature set (\pgfplotsset{compat=1.18}).

Package hyperref Info: Link coloring OFF on input line 87.
(Buku Pembahasan ONMIPA Wilayah.out) (Buku Pembahasan ONMIPA Wilayah.out)
\@outlinefile=\write4
\openout4 = `"Buku Pembahasan ONMIPA Wilayah.out"'.

 (C:\Users\Lenovo\AppData\Local\Programs\MiKTeX\tex/latex/pdflscape\pdflscape.sty
Package: pdflscape 2022-10-27 v0.13 Display of landscape pages in PDF
 (C:\Users\Lenovo\AppData\Local\Programs\MiKTeX\tex/latex/pdflscape\pdflscape-nometadata.sty
Package: pdflscape-nometadata 2022-10-28 v0.13 Display of landscape pages in PDF (HO)
 (C:\Users\Lenovo\AppData\Local\Programs\MiKTeX\tex/latex/graphics\lscape.sty
Package: lscape 2020/05/28 v3.02 Landscape Pages (DPC)
)
Package pdflscape Info: Auto-detected driver: dvipdfm (xetex) on input line 98.
))
File: cover.pdf Graphic file (type pdf)
<use cover.pdf>
File: cover.pdf Graphic file (type pdf)
<use cover.pdf, page 1>
File: cover.pdf Graphic file (type pdf)
<use cover.pdf, page 1>
File: cover.pdf Graphic file (type pdf)
<use cover.pdf, page 1>
File: cover.pdf Graphic file (type pdf)
<use cover.pdf, page 1>


File: cover.pdf Graphic file (type pdf)
<use cover.pdf, page 1>
[1


]
LaTeX Font Info:    Trying to load font information for OT1+lmr on input line 93.
 (C:\Users\Lenovo\AppData\Local\Programs\MiKTeX\tex/latex/lm\ot1lmr.fd
File: ot1lmr.fd 2015/05/01 v1.6.1 Font defs for Latin Modern
)
LaTeX Font Info:    Trying to load font information for OML+lmm on input line 93.
 (C:\Users\Lenovo\AppData\Local\Programs\MiKTeX\tex/latex/lm\omllmm.fd
File: omllmm.fd 2015/05/01 v1.6.1 Font defs for Latin Modern
)
LaTeX Font Info:    Trying to load font information for OMS+lmsy on input line 93.
 (C:\Users\Lenovo\AppData\Local\Programs\MiKTeX\tex/latex/lm\omslmsy.fd
File: omslmsy.fd 2015/05/01 v1.6.1 Font defs for Latin Modern
)
LaTeX Font Info:    Trying to load font information for OMX+lmex on input line 93.
 (C:\Users\Lenovo\AppData\Local\Programs\MiKTeX\tex/latex/lm\omxlmex.fd
File: omxlmex.fd 2015/05/01 v1.6.1 Font defs for Latin Modern
)
LaTeX Font Info:    External font `lmex10' loaded for size
(Font)              <12> on input line 93.
LaTeX Font Info:    External font `lmex10' loaded for size
(Font)              <8> on input line 93.
LaTeX Font Info:    External font `lmex10' loaded for size
(Font)              <6> on input line 93.
LaTeX Font Info:    Trying to load font information for U+msa on input line 93.
 (C:\Users\Lenovo\AppData\Local\Programs\MiKTeX\tex/latex/amsfonts\umsa.fd
File: umsa.fd 2013/01/14 v3.01 AMS symbols A
)
LaTeX Font Info:    Trying to load font information for U+msb on input line 93.
 (C:\Users\Lenovo\AppData\Local\Programs\MiKTeX\tex/latex/amsfonts\umsb.fd
File: umsb.fd 2013/01/14 v3.01 AMS symbols B
)

[2] (Buku Pembahasan ONMIPA Wilayah.toc

[1]

[2]

[3])
\tf@toc=\write5
\openout5 = `"Buku Pembahasan ONMIPA Wilayah.toc"'.



[4]

[1]

[2]

[3]

[4]

[5]

[6]

[7]

[8]

[9]

[10]

[11]

[12]

[13]

[14]

[15]

[16]

[17]

[18]

[19]
Overfull \hbox (42.95761pt too wide) detected at line 496
[] \OT1/lmr/m/n/12 = [] = \OMS/lmsy/m/n/12 ^^@[] ^^A [] \OT1/lmr/m/n/12 = \OMS/lmsy/m/n/12 ^^@ [] []\OT1/lmr/m/n/12 (\OML/lmm/m/it/12 z \OMS/lmsy/m/n/12 ^^@ \OT1/lmr/m/n/12 1)[]\OML/lmm/m/it/12 ;  [] < \OT1/lmr/m/n/12 1\OML/lmm/m/it/12 :
 []


Overfull \hbox (18.70317pt too wide) detected at line 505
\OML/lmm/m/it/12 w\OT1/lmr/m/n/12 (\OML/lmm/m/it/12 t\OT1/lmr/m/n/12 ) = \OML/lmm/m/it/12 z[] \OT1/lmr/m/n/12 + \OML/lmm/m/it/12 t\OT1/lmr/m/n/12 (\OML/lmm/m/it/12 z[] \OMS/lmsy/m/n/12 ^^@ \OML/lmm/m/it/12 z[]\OT1/lmr/m/n/12 ) = (\OMS/lmsy/m/n/12 ^^@\OT1/lmr/m/n/12 1 + \OML/lmm/m/it/12 i\OT1/lmr/m/n/12 ) + \OML/lmm/m/it/12 t[]\OT1/lmr/m/n/12 (3 + 4\OML/lmm/m/it/12 i\OT1/lmr/m/n/12 ) \OMS/lmsy/m/n/12 ^^@ \OT1/lmr/m/n/12 (\OMS/lmsy/m/n/12 ^^@\OT1/lmr/m/n/12 1 + \OML/lmm/m/it/12 i\OT1/lmr/m/n/12 )[] = (\OMS/lmsy/m/n/12 ^^@\OT1/lmr/m/n/12 1 + 4\OML/lmm/m/it/12 t\OT1/lmr/m/n/12 ) + (1 + 3\OML/lmm/m/it/12 t\OT1/lmr/m/n/12 )\OML/lmm/m/it/12 i:
 []



[20]

[21]

[22]

[23]

[24]

[25]

[26]

[27]

[28]

[29]

[30]

[31]

[32]

[33]

[34]

[35]

[36]

[37]

[38]

[39]

[40]
Overfull \hbox (12.54037pt too wide) detected at line 881
[][] [][][] \OML/lmm/m/it/12 dx \OT1/lmr/m/n/12 = [] \OMS/lmsy/m/n/12 ^^@ [] [][][][][] \OT1/lmr/m/n/12 = \OMS/lmsy/m/n/12 ^^@[]\OT1/lmr/m/n/12 ([] \OML/lmm/m/it/12 ^^Y \OMS/lmsy/m/n/12 ^^@ [] \OT1/lmr/m/n/12 0) = \OMS/lmsy/m/n/12 ^^@[]\OT1/lmr/m/n/12 (\OMS/lmsy/m/n/12 ^^@\OT1/lmr/m/n/12 1 \OMS/lmsy/m/n/12 ^^@ \OT1/lmr/m/n/12 1) = []\OML/lmm/m/it/12 :
 []



[41]

[42]

[43]

[44]

[45]

[46]

[47]

[48]

[49]

[50]

[51]

[52]

[53]

[54]

[55]
Overfull \hbox (42.74231pt too wide) detected at line 1105
[][] [] \OT1/lmr/m/n/12 = [] [] = [] [] = [] = [] = \OMS/lmsy/m/n/12 ^^@[]\OML/lmm/m/it/12 :
 []


Overfull \hbox (33.82077pt too wide) detected at line 1107
[][] \OT1/lmr/m/n/12 = [] [] = [] [] = [] = [] = []\OML/lmm/m/it/12 :
 []



[56]

[57]

[58]

[59]

[60]

[61]

[62]

[63]

[64]

[65]

[66]

[67]

[68]
Overfull \hbox (60.05257pt too wide) detected at line 1353
\OML/lmm/m/it/12 T[]\OT1/lmr/m/n/12 (\OML/lmm/m/it/12 X \OT1/lmr/m/n/12 + \OML/lmm/m/it/12 Y\OT1/lmr/m/n/12 ) = \OML/lmm/m/it/12 A\OT1/lmr/m/n/12 (\OML/lmm/m/it/12 X \OT1/lmr/m/n/12 + \OML/lmm/m/it/12 Y\OT1/lmr/m/n/12 ) \OMS/lmsy/m/n/12 ^^@ \OT1/lmr/m/n/12 (\OML/lmm/m/it/12 X \OT1/lmr/m/n/12 + \OML/lmm/m/it/12 Y\OT1/lmr/m/n/12 )\OML/lmm/m/it/12 A \OT1/lmr/m/n/12 = \OML/lmm/m/it/12 AX \OMS/lmsy/m/n/12 ^^@ \OML/lmm/m/it/12 XA \OT1/lmr/m/n/12 + \OML/lmm/m/it/12 AY \OMS/lmsy/m/n/12 ^^@ \OML/lmm/m/it/12 YA \OT1/lmr/m/n/12 = \OML/lmm/m/it/12 T[]\OT1/lmr/m/n/12 (\OML/lmm/m/it/12 X\OT1/lmr/m/n/12 ) + \OML/lmm/m/it/12 T[]\OT1/lmr/m/n/12 (\OML/lmm/m/it/12 Y\OT1/lmr/m/n/12 )\OML/lmm/m/it/12 ;
 []



[69]

[70]

[71]

[72]

[73]

[74]

[75]

[76]

[77]

[78]

[79]
Overfull \hbox (4.01607pt too wide) detected at line 1550
\OML/lmm/m/it/12 z[] \OMS/lmsy/m/n/12 ^^@ \OML/lmm/m/it/12 z[] \OMS/lmsy/m/n/12 ^^@ \OT1/lmr/m/n/12 2\OML/lmm/m/it/12 z \OT1/lmr/m/n/12 + 2 = (\OML/lmm/m/it/12 z[] \OMS/lmsy/m/n/12 ^^@ \OML/lmm/m/it/12 z[]\OT1/lmr/m/n/12 ) \OMS/lmsy/m/n/12 ^^@ \OT1/lmr/m/n/12 (2\OML/lmm/m/it/12 z \OMS/lmsy/m/n/12 ^^@ \OT1/lmr/m/n/12 2) = \OML/lmm/m/it/12 z[]\OT1/lmr/m/n/12 (\OML/lmm/m/it/12 z \OMS/lmsy/m/n/12 ^^@ \OT1/lmr/m/n/12 1) \OMS/lmsy/m/n/12 ^^@ \OT1/lmr/m/n/12 2(\OML/lmm/m/it/12 z \OMS/lmsy/m/n/12 ^^@ \OT1/lmr/m/n/12 1) = (\OML/lmm/m/it/12 z \OMS/lmsy/m/n/12 ^^@ \OT1/lmr/m/n/12 1)(\OML/lmm/m/it/12 z[] \OMS/lmsy/m/n/12 ^^@ \OT1/lmr/m/n/12 2)\OML/lmm/m/it/12 :
 []



[80]
Overfull \hbox (31.2518pt too wide) detected at line 1572
[][] \OT1/lmr/m/n/12 = [](\OML/lmm/m/it/12 z \OMS/lmsy/m/n/12 ^^@ \OT1/lmr/m/n/12 1)[] = [] = [] = []\OML/lmm/m/it/12 :
 []



[81]

[82]

[83]

[84]

[85]

[86]
Overfull \hbox (43.63892pt too wide) detected at line 1684
[] \OT1/lmr/m/n/12 = []  \OMS/lmsy/m/n/12 ([])  \OML/lmm/m/it/12 ae \OT1/lmr/m/n/12 + \OML/lmm/m/it/12 a \OT1/lmr/m/n/12 + \OML/lmm/m/it/12 e \OMS/lmsy/m/n/12 ^^Q \OML/lmm/m/it/12 a\OT1/lmr/m/n/12 ([]\OML/lmm/m/it/12 n\OT1/lmr/m/n/12 )  \OMS/lmsy/m/n/12 ([])  \OML/lmm/m/it/12 e\OT1/lmr/m/n/12 (\OML/lmm/m/it/12 a \OT1/lmr/m/n/12 + 1) \OMS/lmsy/m/n/12 ^^Q \OT1/lmr/m/n/12 0([]\OML/lmm/m/it/12 n\OT1/lmr/m/n/12 ) \OMS/lmsy/m/n/12 8\OML/lmm/m/it/12 a:
 []



[87]

[88]

[89]

[90]

[91]

[92]
Overfull \hbox (8.37138pt too wide) detected at line 1773
[] \OML/lmm/m/it/12 W \OT1/lmr/m/n/12 = [] [] \OML/lmm/m/it/12 S \OT1/lmr/m/n/12 + [] \OML/lmm/m/it/12 U \OT1/lmr/m/n/12 = []([] \OML/lmm/m/it/12 T\OT1/lmr/m/n/12 ) + 2008 = 8002 + 2008 = 10010\OML/lmm/m/it/12 :
 []



[93]

[94]

[95]

[96]

[97]

[98]

[99]
Overfull \hbox (7.96422pt too wide) detected at line 1911
\OML/lmm/m/it/12 f\OT1/lmr/m/n/12 (\OML/lmm/m/it/12 x\OT1/lmr/m/n/12 ) = (\OML/lmm/m/it/12 x \OMS/lmsy/m/n/12 ^^@ \OML/lmm/m/it/12 c\OT1/lmr/m/n/12 )[][] + \OML/lmm/m/it/12 o[]\OT1/lmr/m/n/12 (\OML/lmm/m/it/12 x \OMS/lmsy/m/n/12 ^^@ \OML/lmm/m/it/12 c\OT1/lmr/m/n/12 )[][]\OML/lmm/m/it/12 ;  g\OT1/lmr/m/n/12 (\OML/lmm/m/it/12 x\OT1/lmr/m/n/12 ) = (\OML/lmm/m/it/12 x \OMS/lmsy/m/n/12 ^^@ \OML/lmm/m/it/12 c\OT1/lmr/m/n/12 )[][] + \OML/lmm/m/it/12 o[]\OT1/lmr/m/n/12 (\OML/lmm/m/it/12 x \OMS/lmsy/m/n/12 ^^@ \OML/lmm/m/it/12 c\OT1/lmr/m/n/12 )[][]\OML/lmm/m/it/12 :
 []



[100]

[101]

[102]

[103]

[104]

[105]

[106]

[107]

[108]

[109]

[110]

[111]
LaTeX Font Info:    External font `lmex10' loaded for size
(Font)              <10> on input line 2134.
LaTeX Font Info:    External font `lmex10' loaded for size
(Font)              <7> on input line 2134.
LaTeX Font Info:    External font `lmex10' loaded for size
(Font)              <5> on input line 2134.


[112]

[113]
Overfull \hbox (10.71228pt too wide) detected at line 2173
[][] [] \OML/lmm/m/it/12 dz \OT1/lmr/m/n/12 = 2\OML/lmm/m/it/12 ^^Yi [] \OT1/lmr/m/n/12 = 2\OML/lmm/m/it/12 ^^Yi\OT1/lmr/m/n/12 (\OMS/lmsy/m/n/12 ^^@\OT1/lmr/m/n/12 2 + 3) = 2\OML/lmm/m/it/12 ^^Yi:
 []



[114]

[115]

[116]

[117]

[118]

[119]

[120]

[121]

[122]
Overfull \hbox (59.91768pt too wide) detected at line 2343
\OML/lmm/m/it/12 g\OT1/lmr/m/n/12 [\OML/lmm/m/it/12 a; b\OT1/lmr/m/n/12 ]\OML/lmm/m/it/12 g[] \OT1/lmr/m/n/12 = \OML/lmm/m/it/12 gaba[]b[]g[] \OT1/lmr/m/n/12 = (\OML/lmm/m/it/12 gag[]\OT1/lmr/m/n/12 )(\OML/lmm/m/it/12 gbg[]\OT1/lmr/m/n/12 )(\OML/lmm/m/it/12 gag[]\OT1/lmr/m/n/12 )[](\OML/lmm/m/it/12 gbg[]\OT1/lmr/m/n/12 )[] = [\OML/lmm/m/it/12 gag[]; gbg[]\OT1/lmr/m/n/12 ]\OML/lmm/m/it/12 ;
 []



[123]

[124]

[125]

[126]

[127]

[128]

[129]

[130]

[131]

[132]

[133]

[134]

[135]

[136]

[137]

[138]

[139]

[140]

[141]

[142]

[143]
Overfull \hbox (18.20363pt too wide) detected at line 2758
[] \OT1/lmr/m/n/12 = [](\OML/lmm/m/it/12 dx \OT1/lmr/m/n/12 + \OML/lmm/m/it/12 i dy\OT1/lmr/m/n/12 ) = [] + \OML/lmm/m/it/12 i []:
 []



[144]

[145]
Overfull \hbox (39.09464pt too wide) detected at line 2801
[] \OT1/lmr/m/n/12 = [] = [] + [] + []  \OML/lmm/m/it/12 ;
 []



[146]

[147]

[148]

[149]

[150]

[151]

[152]

[153]

[154]
Overfull \hbox (72.00519pt too wide) detected at line 3074
[][][] \OT1/lmr/m/n/12 = [] [] = (1 \OMS/lmsy/m/n/12 ^^@ \OML/lmm/m/it/12 ^^U\OT1/lmr/m/n/12 ) [] [] = (1 \OMS/lmsy/m/n/12 ^^@ \OML/lmm/m/it/12 ^^U\OT1/lmr/m/n/12 )[](\OMS/lmsy/m/n/12 ^^@\OML/lmm/m/it/12 ^^U\OT1/lmr/m/n/12 )\OML/lmm/m/it/12 :
 []



[155]

[156]

[157]

[158]

[159]

[160]

[161]

[162]

[163]

[164]

[165]

[166]

[167]

[168]

[169]

[170]

[171]

[172]

[173]
Overfull \hbox (66.06293pt too wide) detected at line 3540
\OML/lmm/m/it/12 n[];  \OT1/lmr/m/n/12 (\OML/lmm/m/it/12 n \OMS/lmsy/m/n/12 ^^@ \OT1/lmr/m/n/12 1)[]\OML/lmm/m/it/12 ; [] ; \OT1/lmr/m/n/12 (\OML/lmm/m/it/12 n \OMS/lmsy/m/n/12 ^^@ \OML/lmm/m/it/12 m \OT1/lmr/m/n/12 + 1)[]\OML/lmm/m/it/12 m:
 []



[174]

[175]

[176]

[177]

[178]

[179]

[180]

[181]

[182]

[183]

[184]

[185]

[186]

[187]

[188]

[189]

[190]

[191]
Overfull \hbox (26.68053pt too wide) detected at line 4016
\OML/lmm/m/it/12 f\OT1/lmr/m/n/12 (0) = 1\OML/lmm/m/it/12 ;  f\OT1/lmr/m/n/12 (1) = 1 + 1 + 1 = 0\OML/lmm/m/it/12 ;  f\OT1/lmr/m/n/12 (2) = 8 + 2 + 1 \OMS/lmsy/m/n/12 ^^Q \OT1/lmr/m/n/12 2 + 2 + 1 = 2([]3)\OML/lmm/m/it/12 :
 []


Overfull \hbox (26.68053pt too wide) detected at line 4022
\OML/lmm/m/it/12 f\OT1/lmr/m/n/12 (0) = 1\OML/lmm/m/it/12 ;  f\OT1/lmr/m/n/12 (1) = 1 + 2 + 1 = 1\OML/lmm/m/it/12 ;  f\OT1/lmr/m/n/12 (2) = 8 + 4 + 1 \OMS/lmsy/m/n/12 ^^Q \OT1/lmr/m/n/12 2 + 1 + 1 = 1([]3)\OML/lmm/m/it/12 :
 []



[192]

[193]

[194]

[195]

[196]
Overfull \hbox (25.02928pt too wide) detected at line 4104
\OML/lmm/m/it/12 u \OT1/lmr/m/n/12 = (0\OML/lmm/m/it/12 ; \OT1/lmr/m/n/12 1\OML/lmm/m/it/12 ; \OT1/lmr/m/n/12 0) \OMS/lmsy/m/n/12 ^^@ \OT1/lmr/m/n/12 (1\OML/lmm/m/it/12 ; \OT1/lmr/m/n/12 0\OML/lmm/m/it/12 ; \OT1/lmr/m/n/12 0) = (\OMS/lmsy/m/n/12 ^^@\OT1/lmr/m/n/12 1\OML/lmm/m/it/12 ; \OT1/lmr/m/n/12 1\OML/lmm/m/it/12 ; \OT1/lmr/m/n/12 0)\OML/lmm/m/it/12 ;  v \OT1/lmr/m/n/12 = (0\OML/lmm/m/it/12 ; \OT1/lmr/m/n/12 0\OML/lmm/m/it/12 ; \OMS/lmsy/m/n/12 ^^@\OT1/lmr/m/n/12 1) \OMS/lmsy/m/n/12 ^^@ \OT1/lmr/m/n/12 (1\OML/lmm/m/it/12 ; \OT1/lmr/m/n/12 0\OML/lmm/m/it/12 ; \OT1/lmr/m/n/12 0) = (\OMS/lmsy/m/n/12 ^^@\OT1/lmr/m/n/12 1\OML/lmm/m/it/12 ; \OT1/lmr/m/n/12 0\OML/lmm/m/it/12 ; \OMS/lmsy/m/n/12 ^^@\OT1/lmr/m/n/12 1)\OML/lmm/m/it/12 :
 []



[197]

[198]

[199]

[200]

[201]

[202]

[203]

[204]

[205]

[206]
Overfull \hbox (52.86461pt too wide) detected at line 4404
\OML/lmm/m/it/12 h[]\OT1/lmr/m/n/12 (\OML/lmm/m/it/12 x\OT1/lmr/m/n/12 ) = [] \OMS/lmsy/m/n/12 ^^@ \OT1/lmr/m/n/12 1 = [] = \OMS/lmsy/m/n/12 ^^@[] \OML/lmm/m/it/12 < \OT1/lmr/m/n/12 0\OML/lmm/m/it/12 :
 []



[207]

[208]

[209]

[210]

[211]

[212]

[213]

[214]

[215]

[216]

[217]

[218]

[219]

[220]

[221]

[222]

[223]

[224]

[225]
Overfull \hbox (52.54045pt too wide) detected at line 4840
\OMS/lmsy/m/n/12 j\OML/lmm/m/it/12 f[]\OT1/lmr/m/n/12 (1\OML/lmm/m/it/12 =\OT1/lmr/m/n/12 2)\OMS/lmsy/m/n/12 j \OT1/lmr/m/n/12 = \OMS/lmsy/m/n/12 j\OT1/lmr/m/n/12 1 + \OML/lmm/m/it/12 g\OT1/lmr/m/n/12 (1\OML/lmm/m/it/12 =\OT1/lmr/m/n/12 2) + (1\OML/lmm/m/it/12 =\OT1/lmr/m/n/12 2)\OML/lmm/m/it/12 g[]\OT1/lmr/m/n/12 (1\OML/lmm/m/it/12 =\OT1/lmr/m/n/12 2)\OMS/lmsy/m/n/12 j ^^T \OT1/lmr/m/n/12 1 + \OMS/lmsy/m/n/12 j\OML/lmm/m/it/12 g\OT1/lmr/m/n/12 (1\OML/lmm/m/it/12 =\OT1/lmr/m/n/12 2)\OMS/lmsy/m/n/12 j \OT1/lmr/m/n/12 + []\OMS/lmsy/m/n/12 j\OML/lmm/m/it/12 g[]\OT1/lmr/m/n/12 (1\OML/lmm/m/it/12 =\OT1/lmr/m/n/12 2)\OMS/lmsy/m/n/12 j ^^T \OT1/lmr/m/n/12 1 + 1 + [] \OMS/lmsy/m/n/12 ^^A \OT1/lmr/m/n/12 2 = 4\OML/lmm/m/it/12 :
 []



[226]

[227]

[228]

[229]

[230]

[231]

[232]

[233]

[234]

[235]

[236]

[237]
Overfull \hbox (77.00842pt too wide) detected at line 5106
\OML/lmm/m/it/12 c[] \OT1/lmr/m/n/12 = [][][] \OMS/lmsy/m/n/12 ^^@ [][][] \OT1/lmr/m/n/12 = [] [] = [] [] \OMS/lmsy/m/n/12 ^^@ [][]\OT1/lmr/m/n/12 1 + [][]\OML/lmm/m/it/12 :
 []



[238]

[239]

[240]

[241]

[242]

[243]

[244]

[245]

[246]
Overfull \hbox (22.89415pt too wide) detected at line 5309
\OML/lmm/m/it/12 n\OT1/lmr/m/n/12 (1 + \OML/lmm/m/it/12 x\OT1/lmr/m/n/12 )[] = [] \OML/lmm/m/it/12 k[]x[];  n\OT1/lmr/m/n/12 (\OML/lmm/m/it/12 n \OMS/lmsy/m/n/12 ^^@ \OT1/lmr/m/n/12 1)(1 + \OML/lmm/m/it/12 x\OT1/lmr/m/n/12 )[] = [] \OML/lmm/m/it/12 k\OT1/lmr/m/n/12 (\OML/lmm/m/it/12 k \OMS/lmsy/m/n/12 ^^@ \OT1/lmr/m/n/12 1)[]\OML/lmm/m/it/12 x[]:
 []


Overfull \hbox (6.62306pt too wide) detected at line 5313
\OML/lmm/m/it/12 n\OT1/lmr/m/n/12 (\OML/lmm/m/it/12 n \OMS/lmsy/m/n/12 ^^@ \OT1/lmr/m/n/12 1)\OML/lmm/m/it/12 x[]\OT1/lmr/m/n/12 (1 + \OML/lmm/m/it/12 x\OT1/lmr/m/n/12 )[] \OMS/lmsy/m/n/12 ^^@ \OT1/lmr/m/n/12 2\OML/lmm/m/it/12 nx\OT1/lmr/m/n/12 (1 + \OML/lmm/m/it/12 x\OT1/lmr/m/n/12 )[] = [] \OML/lmm/m/it/12 k\OT1/lmr/m/n/12 (\OML/lmm/m/it/12 k \OMS/lmsy/m/n/12 ^^@ \OT1/lmr/m/n/12 1)[]\OML/lmm/m/it/12 x[] \OMS/lmsy/m/n/12 ^^@ \OT1/lmr/m/n/12 2 [] \OML/lmm/m/it/12 k[]x[]:
 []



[247]

[248]

[249]

[250]

[251]

[252]

[253]

[254]

[255]

[256]

[257]

[258]

[259]

[260]
Overfull \hbox (18.61589pt too wide) detected at line 5592
\OML/lmm/m/it/12 T[]\OT1/lmr/m/n/12 (\OML/lmm/m/it/12 p\OT1/lmr/m/n/12 )(\OML/lmm/m/it/12 x\OT1/lmr/m/n/12 ) = \OML/lmm/m/it/12 T\OT1/lmr/m/n/12 (\OML/lmm/m/it/12 T\OT1/lmr/m/n/12 (\OML/lmm/m/it/12 p\OT1/lmr/m/n/12 ))(\OML/lmm/m/it/12 x\OT1/lmr/m/n/12 ) = \OML/lmm/m/it/12 x []\OT1/lmr/m/n/12 (\OML/lmm/m/it/12 a[]x \OT1/lmr/m/n/12 + 2\OML/lmm/m/it/12 a[]x[]\OT1/lmr/m/n/12 ) = \OML/lmm/m/it/12 x\OT1/lmr/m/n/12 (\OML/lmm/m/it/12 a[] \OT1/lmr/m/n/12 + 4\OML/lmm/m/it/12 a[]x\OT1/lmr/m/n/12 ) = \OML/lmm/m/it/12 a[]x \OT1/lmr/m/n/12 + 4\OML/lmm/m/it/12 a[]x[]:
 []



[261]

[262]

[263]

[264]

[265]

[266]

[267]
Overfull \hbox (59.77992pt too wide) detected at line 5777
[][] \OML/lmm/m/it/12 x[]f\OT1/lmr/m/n/12 (\OML/lmm/m/it/12 x\OT1/lmr/m/n/12 ) \OML/lmm/m/it/12 dx \OMS/lmsy/m/n/12 ^^X \OML/lmm/m/it/12 f\OT1/lmr/m/n/12 (1) [][] \OML/lmm/m/it/12 x[] dx \OT1/lmr/m/n/12 = []\OML/lmm/m/it/12 ;  [][] x[]g\OT1/lmr/m/n/12 (\OML/lmm/m/it/12 x\OT1/lmr/m/n/12 ) \OML/lmm/m/it/12 dx \OMS/lmsy/m/n/12 ^^X \OML/lmm/m/it/12 g\OT1/lmr/m/n/12 (1) [][] \OML/lmm/m/it/12 x[] dx \OT1/lmr/m/n/12 = []\OML/lmm/m/it/12 :
 []



[268]
Overfull \hbox (3.96379pt too wide) detected at line 5819
\OML/lmm/m/it/12 f\OT1/lmr/m/n/12 (\OML/lmm/m/it/12 x\OT1/lmr/m/n/12 ) = []\OML/lmm/m/it/12 f[]\OT1/lmr/m/n/12 (\OML/lmm/m/it/12 c\OT1/lmr/m/n/12 )(\OML/lmm/m/it/12 x \OMS/lmsy/m/n/12 ^^@ \OML/lmm/m/it/12 c\OT1/lmr/m/n/12 )[] + \OML/lmm/m/it/12 o[]\OT1/lmr/m/n/12 (\OML/lmm/m/it/12 x \OMS/lmsy/m/n/12 ^^@ \OML/lmm/m/it/12 c\OT1/lmr/m/n/12 )[][]\OML/lmm/m/it/12 ;  g\OT1/lmr/m/n/12 (\OML/lmm/m/it/12 x\OT1/lmr/m/n/12 ) = []\OML/lmm/m/it/12 g[]\OT1/lmr/m/n/12 (\OML/lmm/m/it/12 c\OT1/lmr/m/n/12 )(\OML/lmm/m/it/12 x \OMS/lmsy/m/n/12 ^^@ \OML/lmm/m/it/12 c\OT1/lmr/m/n/12 )[] + \OML/lmm/m/it/12 o[]\OT1/lmr/m/n/12 (\OML/lmm/m/it/12 x \OMS/lmsy/m/n/12 ^^@ \OML/lmm/m/it/12 c\OT1/lmr/m/n/12 )[][]\OML/lmm/m/it/12 ;
 []



[269]

[270]

[271]

[272]

[273]

[274]

[275]

[276]

[277]

[278]

[279]

[280]

[281]

[282]

[283]

[284]

[285]

[286]

[287]

[288]

[289]

[290]

[291]

[292]

[293]

[294]
Overfull \hbox (6.18999pt too wide) detected at line 6559
[]
 []



[295]

[296]

[297]

[298]

[299]

[300]

[301]

[302]

[303]

[304]

[305]

[306]

[307]

[308]

[309]

[310]

[311]

[312]

[313]

[314]

[315]

[316]

[317]

[318]

[319]

[320]

[321]

[322]
Overfull \hbox (23.78162pt too wide) detected at line 7305
\OML/lmm/m/it/12 E[] \OT1/lmr/m/n/12 = \OML/lmm/m/it/12 E[] [] ;  E[] \OT1/lmr/m/n/12 = [] \OML/lmm/m/it/12 E[];  E[] \OT1/lmr/m/n/12 = [] = \OML/lmm/m/it/12 E[]E[];
 []



[323]

[324]

[325]
Overfull \hbox (29.58641pt too wide) detected at line 7425
\OML/lmm/m/it/12 AX \OT1/lmr/m/n/12 = [] [] = [] \OML/lmm/m/it/12 ;  XA \OT1/lmr/m/n/12 = [] [] = [] \OML/lmm/m/it/12 :
 []



[326]

[327]
Overfull \hbox (24.44751pt too wide) detected at line 7500
[]
 []



[328]

[329]

[330]

[331]

[332]

[333]

[334]

[335]

[336]

[337]

[338]

[339]

[340]

[341]

[342]

[343]

[344]

[345]

[346]

[347]

[348]

[349]

[350]

[351]

[352]

[353]

[354]

[355]

[356]
Overfull \hbox (16.83913pt too wide) detected at line 8307
\OML/lmm/m/it/12 N\OT1/lmr/m/n/12 (17 + 12[]) = (17 + 12[])(17 \OMS/lmsy/m/n/12 ^^@ \OT1/lmr/m/n/12 12[]) = 17[] \OMS/lmsy/m/n/12 ^^@ \OT1/lmr/m/n/12 (12[])[] = 289 \OMS/lmsy/m/n/12 ^^@ \OT1/lmr/m/n/12 288 = 1\OML/lmm/m/it/12 :
 []



[357]

[358]

[359]

[360]

[361]

[362]

[363]

[364]

[365]

[366]

[367]

[368]

[369]

[370]

[371]

[372]

[373]

[374]

[375]

[376]

[377]

[378]

[379]

[380]

[381]

[382]

[383]

[384]

[385]

[386]

[387]

[388]

[389]

[390]

[391]

[392]

[393]

[394]

[395]

[396]

[397]

[398]
Overfull \hbox (27.71092pt too wide) detected at line 9423
\OML/lmm/m/it/12 v[] \OT1/lmr/m/n/12 = 3\OML/lmm/m/it/12 e[] [] x \OT1/lmr/m/n/12 + \OML/lmm/m/it/12 e[] [] x \OT1/lmr/m/n/12 = 3\OML/lmm/m/it/12 v[] \OT1/lmr/m/n/12 + \OML/lmm/m/it/12 v[];  v[] \OT1/lmr/m/n/12 = 3\OML/lmm/m/it/12 e[] [] x \OMS/lmsy/m/n/12 ^^@ \OML/lmm/m/it/12 e[] [] x \OT1/lmr/m/n/12 = \OMS/lmsy/m/n/12 ^^@\OML/lmm/m/it/12 v[] \OT1/lmr/m/n/12 + 3\OML/lmm/m/it/12 v[]:
 []



[399]

[400]

[401]

[402]

[403]

[404]

[405]

[406]

[407]

[408]

[409]

[410]
Overfull \hbox (33.97536pt too wide) detected at line 9751
\OML/lmm/m/it/12 F[] \OT1/lmr/m/n/12 = \OML/lmm/m/it/12 F[]F \OT1/lmr/m/n/12 = [] [] = [] = [] \OML/lmm/m/it/12 ;
 []



[411]

[412]

[413]
Overfull \hbox (61.41972pt too wide) detected at line 9818
\OML/lmm/m/it/12 f\OT1/lmr/m/n/12 (\OML/lmm/m/it/12 z\OT1/lmr/m/n/12 ) = \OML/lmm/m/it/12 zx \OT1/lmr/m/n/12 + [] \OML/lmm/m/it/12 y \OT1/lmr/m/n/12 + [] = (\OML/lmm/m/it/12 x \OT1/lmr/m/n/12 + \OML/lmm/m/it/12 iy\OT1/lmr/m/n/12 )\OML/lmm/m/it/12 x \OT1/lmr/m/n/12 + (\OML/lmm/m/it/12 x \OMS/lmsy/m/n/12 ^^@ \OML/lmm/m/it/12 iy\OT1/lmr/m/n/12 )\OML/lmm/m/it/12 y \OT1/lmr/m/n/12 + (\OML/lmm/m/it/12 x \OMS/lmsy/m/n/12 ^^@ \OML/lmm/m/it/12 iy\OT1/lmr/m/n/12 ) = 2\OML/lmm/m/it/12 x[] \OMS/lmsy/m/n/12 ^^@ \OML/lmm/m/it/12 y \OT1/lmr/m/n/12 + \OML/lmm/m/it/12 y \OT1/lmr/m/n/12 + \OML/lmm/m/it/12 x \OMS/lmsy/m/n/12 ^^@ \OML/lmm/m/it/12 iy \OT1/lmr/m/n/12 = 2\OML/lmm/m/it/12 x[] \OT1/lmr/m/n/12 + \OML/lmm/m/it/12 x \OMS/lmsy/m/n/12 ^^@ \OML/lmm/m/it/12 iy:
 []



[414]

[415]

[416]

[417]

[418]

[419]

[420]

[421]

[422]

[423]

[424]

[425]

[426]

[427]

[428]

[429]

[430]

[431]

[432]

[433]

[434]

[435]

[436]

[437]

[438]

[439]

[440]
Overfull \hbox (9.14696pt too wide) in paragraph at lines 10399--10400
$[]$
 []



[441]

[442]

[443]

[444]

[445]

[446]

[447]

[448]

[449]

[450]

[451]

[452]

[453]

[454]

[455]

[456]

[457]

[458]

[459]

[460]

[461]

[462]
Overfull \hbox (11.00081pt too wide) detected at line 11005
\OML/lmm/m/it/12 AB \OT1/lmr/m/n/12 = [] [] = [] \OML/lmm/m/it/12 ;  BA \OT1/lmr/m/n/12 = [] [] = [] = \OML/lmm/m/it/12 B:
 []



[463]

[464]

[465]

[466]

[467]

[468]

[469]

[470]

[471]

[472]

[473]

[474]

[475]

[476]

[477]

[478]

[479]

[480]

[481]

[482]

[483] (Buku Pembahasan ONMIPA Wilayah.aux)
 ***********
LaTeX2e <2025-06-01> patch level 1
L3 programming layer <2025-09-02>
 ***********
Package rerunfilecheck Info: File `"Buku Pembahasan ONMIPA Wilayah".out' has not changed.
(rerunfilecheck)             Checksum: <no file>.
 ) 
Here is how much of TeX's memory you used:
 36728 strings out of 403246
 844163 string characters out of 5460573
 1375800 words of memory out of 5000000
 64580 multiletter control sequences out of 15000+600000
 673155 words of font info for 101 fonts, out of 8000000 for 9000
 1348 hyphenation exceptions out of 8191
 99i,19n,101p,848b,2093s stack positions out of 10000i,1000n,20000p,200000b,200000s

Output written on Buku Pembahasan ONMIPA Wilayah.xdv (489 pages, 4504020 bytes).
