\BOOKMARK [1][-]{section.1}{\376\377\000O\000N\000M\000I\000P\000A\000-\000P\000T\000\040\000T\000I\000N\000G\000K\000A\000T\000\040\000W\000I\000L\000A\000Y\000A\000H\000\040\0002\0000\0000\0006}{}% 1
\BOOKMARK [2][-]{subsection.1.1}{\376\377\000A\000N\000A\000L\000I\000S\000I\000S\000\040\000R\000E\000A\000L}{section.1}% 2
\BOOKMARK [2][-]{subsection.1.2}{\376\377\000K\000O\000M\000B\000I\000N\000A\000T\000O\000R\000I\000K\000A}{section.1}% 3
\BOOKMARK [2][-]{subsection.1.3}{\376\377\000A\000N\000A\000L\000I\000S\000I\000S\000\040\000K\000O\000M\000P\000L\000E\000K\000S}{section.1}% 4
\BOOKMARK [2][-]{subsection.1.4}{\376\377\000S\000T\000R\000U\000K\000T\000U\000R\000\040\000A\000L\000J\000A\000B\000A\000R}{section.1}% 5
\BOOKMARK [2][-]{subsection.1.5}{\376\377\000A\000L\000J\000A\000B\000A\000R\000\040\000L\000I\000N\000I\000E\000R}{section.1}% 6
\BOOKMARK [1][-]{section.2}{\376\377\000O\000N\000M\000I\000P\000A\000-\000P\000T\000\040\000T\000I\000N\000G\000K\000A\000T\000\040\000W\000I\000L\000A\000Y\000A\000H\000\040\0002\0000\0000\0007}{}% 7
\BOOKMARK [2][-]{subsection.2.1}{\376\377\000A\000N\000A\000L\000I\000S\000I\000S\000\040\000R\000E\000A\000L}{section.2}% 8
\BOOKMARK [2][-]{subsection.2.2}{\376\377\000K\000O\000M\000B\000I\000N\000A\000T\000O\000R\000I\000K\000A}{section.2}% 9
\BOOKMARK [2][-]{subsection.2.3}{\376\377\000A\000N\000A\000L\000I\000S\000I\000S\000\040\000K\000O\000M\000P\000L\000E\000K\000S}{section.2}% 10
\BOOKMARK [2][-]{subsection.2.4}{\376\377\000S\000T\000R\000U\000K\000T\000U\000R\000\040\000A\000L\000J\000A\000B\000A\000R}{section.2}% 11
\BOOKMARK [2][-]{subsection.2.5}{\376\377\000A\000L\000J\000A\000B\000A\000R\000\040\000L\000I\000N\000I\000E\000R}{section.2}% 12
\BOOKMARK [1][-]{section.3}{\376\377\000O\000N\000M\000I\000P\000A\000-\000P\000T\000\040\000T\000I\000N\000G\000K\000A\000T\000\040\000W\000I\000L\000A\000Y\000A\000H\000\040\0002\0000\0000\0008}{}% 13
\BOOKMARK [2][-]{subsection.3.1}{\376\377\000A\000N\000A\000L\000I\000S\000I\000S\000\040\000R\000E\000A\000L}{section.3}% 14
\BOOKMARK [2][-]{subsection.3.2}{\376\377\000K\000O\000M\000B\000I\000N\000A\000T\000O\000R\000I\000K\000A}{section.3}% 15
\BOOKMARK [2][-]{subsection.3.3}{\376\377\000A\000N\000A\000L\000I\000S\000I\000S\000\040\000K\000O\000M\000P\000L\000E\000K\000S}{section.3}% 16
\BOOKMARK [2][-]{subsection.3.4}{\376\377\000S\000T\000R\000U\000K\000T\000U\000R\000\040\000A\000L\000J\000A\000B\000A\000R}{section.3}% 17
\BOOKMARK [2][-]{subsection.3.5}{\376\377\000A\000L\000J\000A\000B\000A\000R\000\040\000L\000I\000N\000I\000E\000R\000\040}{section.3}% 18
\BOOKMARK [1][-]{section.4}{\376\377\000O\000N\000M\000I\000P\000A\000-\000P\000T\000\040\000T\000I\000N\000G\000K\000A\000T\000\040\000W\000I\000L\000A\000Y\000A\000H\000\040\0002\0000\0000\0009}{}% 19
\BOOKMARK [2][-]{subsection.4.1}{\376\377\000A\000N\000A\000L\000I\000S\000I\000S\000\040\000R\000E\000A\000L}{section.4}% 20
\BOOKMARK [2][-]{subsection.4.2}{\376\377\000K\000O\000M\000B\000I\000N\000A\000T\000O\000R\000I\000K\000A\000\040}{section.4}% 21
\BOOKMARK [2][-]{subsection.4.3}{\376\377\000A\000N\000A\000L\000I\000S\000I\000S\000\040\000K\000O\000M\000P\000L\000E\000K\000S}{section.4}% 22
\BOOKMARK [2][-]{subsection.4.4}{\376\377\000S\000T\000R\000U\000K\000T\000U\000R\000\040\000A\000L\000J\000A\000B\000A\000R}{section.4}% 23
\BOOKMARK [2][-]{subsection.4.5}{\376\377\000A\000L\000J\000A\000B\000A\000R\000\040\000L\000I\000N\000I\000E\000R}{section.4}% 24
\BOOKMARK [1][-]{section.5}{\376\377\000O\000N\000M\000I\000P\000A\000-\000P\000T\000\040\000T\000I\000N\000G\000K\000A\000T\000\040\000W\000I\000L\000A\000Y\000A\000H\000\040\0002\0000\0001\0000}{}% 25
\BOOKMARK [2][-]{subsection.5.1}{\376\377\000A\000N\000A\000L\000I\000S\000I\000S\000\040\000R\000E\000A\000L}{section.5}% 26
\BOOKMARK [2][-]{subsection.5.2}{\376\377\000K\000O\000M\000B\000I\000N\000A\000T\000O\000R\000I\000K\000A}{section.5}% 27
\BOOKMARK [2][-]{subsection.5.3}{\376\377\000A\000N\000A\000L\000I\000S\000I\000S\000\040\000K\000O\000M\000P\000L\000E\000K\000S}{section.5}% 28
\BOOKMARK [2][-]{subsection.5.4}{\376\377\000S\000T\000R\000U\000K\000T\000U\000R\000\040\000A\000L\000J\000A\000B\000A\000R}{section.5}% 29
\BOOKMARK [2][-]{subsection.5.5}{\376\377\000A\000L\000J\000A\000B\000A\000R\000\040\000L\000I\000N\000I\000E\000R\000\040}{section.5}% 30
\BOOKMARK [1][-]{section.6}{\376\377\000O\000N\000M\000I\000P\000A\000-\000P\000T\000\040\000T\000I\000N\000G\000K\000A\000T\000\040\000W\000I\000L\000A\000Y\000A\000H\000\040\0002\0000\0001\0001}{}% 31
\BOOKMARK [2][-]{subsection.6.1}{\376\377\000A\000N\000A\000L\000I\000S\000I\000S\000\040\000R\000E\000A\000L}{section.6}% 32
\BOOKMARK [2][-]{subsection.6.2}{\376\377\000K\000O\000M\000B\000I\000N\000A\000T\000O\000R\000I\000K\000A}{section.6}% 33
\BOOKMARK [2][-]{subsection.6.3}{\376\377\000A\000N\000A\000L\000I\000S\000I\000S\000\040\000K\000O\000M\000P\000L\000E\000K\000S}{section.6}% 34
\BOOKMARK [2][-]{subsection.6.4}{\376\377\000S\000T\000R\000U\000K\000T\000U\000R\000\040\000A\000L\000J\000A\000B\000A\000R}{section.6}% 35
\BOOKMARK [2][-]{subsection.6.5}{\376\377\000A\000L\000J\000A\000B\000A\000R\000\040\000L\000I\000N\000I\000E\000R}{section.6}% 36
\BOOKMARK [1][-]{section.7}{\376\377\000O\000N\000M\000I\000P\000A\000-\000P\000T\000\040\000T\000I\000N\000G\000K\000A\000T\000\040\000W\000I\000L\000A\000Y\000A\000H\000\040\0002\0000\0001\0002}{}% 37
\BOOKMARK [2][-]{subsection.7.1}{\376\377\000A\000N\000A\000L\000I\000S\000I\000S\000\040\000R\000E\000A\000L}{section.7}% 38
\BOOKMARK [2][-]{subsection.7.2}{\376\377\000K\000O\000M\000B\000I\000N\000A\000T\000O\000R\000I\000K\000A}{section.7}% 39
\BOOKMARK [2][-]{subsection.7.3}{\376\377\000A\000N\000A\000L\000I\000S\000I\000S\000\040\000K\000O\000M\000P\000L\000E\000K\000S}{section.7}% 40
\BOOKMARK [2][-]{subsection.7.4}{\376\377\000S\000T\000R\000U\000K\000T\000U\000R\000\040\000A\000L\000J\000A\000B\000A\000R}{section.7}% 41
\BOOKMARK [2][-]{subsection.7.5}{\376\377\000A\000L\000J\000A\000B\000A\000R\000\040\000L\000I\000N\000E\000A\000R}{section.7}% 42
\BOOKMARK [1][-]{section.8}{\376\377\000O\000N\000M\000I\000P\000A\000-\000P\000T\000\040\000T\000I\000N\000G\000K\000A\000T\000\040\000W\000I\000L\000A\000Y\000A\000H\000\040\0002\0000\0001\0003}{}% 43
\BOOKMARK [2][-]{subsection.8.1}{\376\377\000A\000N\000A\000L\000I\000S\000I\000S\000\040\000R\000E\000A\000L}{section.8}% 44
\BOOKMARK [2][-]{subsection.8.2}{\376\377\000K\000O\000M\000B\000I\000N\000A\000T\000O\000R\000I\000K\000A}{section.8}% 45
\BOOKMARK [2][-]{subsection.8.3}{\376\377\000A\000N\000A\000L\000I\000S\000I\000S\000\040\000K\000O\000M\000P\000L\000E\000K\000S}{section.8}% 46
\BOOKMARK [2][-]{subsection.8.4}{\376\377\000S\000T\000R\000U\000K\000T\000U\000R\000\040\000A\000L\000J\000A\000B\000A\000R}{section.8}% 47
\BOOKMARK [2][-]{subsection.8.5}{\376\377\000A\000L\000J\000A\000B\000A\000R\000\040\000L\000I\000N\000E\000A\000R}{section.8}% 48
\BOOKMARK [1][-]{section.9}{\376\377\000O\000N\000M\000I\000P\000A\000-\000P\000T\000\040\000T\000I\000N\000G\000K\000A\000T\000\040\000W\000I\000L\000A\000Y\000A\000H\000\040\0002\0000\0001\0004}{}% 49
\BOOKMARK [2][-]{subsection.9.1}{\376\377\000A\000N\000A\000L\000I\000S\000I\000S\000\040\000R\000E\000A\000L}{section.9}% 50
\BOOKMARK [2][-]{subsection.9.2}{\376\377\000K\000O\000M\000B\000I\000N\000A\000T\000O\000R\000I\000K\000A}{section.9}% 51
\BOOKMARK [2][-]{subsection.9.3}{\376\377\000A\000N\000A\000L\000I\000S\000I\000S\000\040\000K\000O\000M\000P\000L\000E\000K\000S}{section.9}% 52
\BOOKMARK [2][-]{subsection.9.4}{\376\377\000S\000T\000R\000U\000K\000T\000U\000R\000\040\000A\000L\000J\000A\000B\000A\000R}{section.9}% 53
\BOOKMARK [2][-]{subsection.9.5}{\376\377\000A\000L\000J\000A\000B\000A\000R\000\040\000L\000I\000N\000E\000A\000R}{section.9}% 54
\BOOKMARK [1][-]{section.10}{\376\377\000O\000N\000M\000I\000P\000A\000-\000P\000T\000\040\000T\000I\000N\000G\000K\000A\000T\000\040\000W\000I\000L\000A\000Y\000A\000H\000\040\0002\0000\0001\0005}{}% 55
\BOOKMARK [2][-]{subsection.10.1}{\376\377\000A\000N\000A\000L\000I\000S\000I\000S\000\040\000R\000E\000A\000L}{section.10}% 56
\BOOKMARK [2][-]{subsection.10.2}{\376\377\000K\000O\000M\000B\000I\000N\000A\000T\000O\000R\000I\000K\000A}{section.10}% 57
\BOOKMARK [2][-]{subsection.10.3}{\376\377\000A\000N\000A\000L\000I\000S\000I\000S\000\040\000K\000O\000M\000P\000L\000E\000K\000S}{section.10}% 58
\BOOKMARK [2][-]{subsection.10.4}{\376\377\000S\000T\000R\000U\000K\000T\000U\000R\000\040\000A\000L\000J\000A\000B\000A\000R}{section.10}% 59
\BOOKMARK [2][-]{subsection.10.5}{\376\377\000A\000L\000J\000A\000B\000A\000R\000\040\000L\000I\000N\000E\000A\000R}{section.10}% 60
\BOOKMARK [1][-]{section.11}{\376\377\000O\000N\000M\000I\000P\000A\000-\000P\000T\000\040\000T\000I\000N\000G\000K\000A\000T\000\040\000W\000I\000L\000A\000Y\000A\000H\000\040\0002\0000\0001\0006}{}% 61
\BOOKMARK [2][-]{subsection.11.1}{\376\377\000A\000N\000A\000L\000I\000S\000I\000S\000\040\000R\000E\000A\000L}{section.11}% 62
\BOOKMARK [2][-]{subsection.11.2}{\376\377\000K\000O\000M\000B\000I\000N\000A\000T\000O\000R\000I\000K\000A}{section.11}% 63
\BOOKMARK [2][-]{subsection.11.3}{\376\377\000A\000N\000A\000L\000I\000S\000I\000S\000\040\000K\000O\000M\000P\000L\000E\000K\000S}{section.11}% 64
\BOOKMARK [2][-]{subsection.11.4}{\376\377\000S\000T\000R\000U\000K\000T\000U\000R\000\040\000A\000L\000J\000A\000B\000A\000R}{section.11}% 65
\BOOKMARK [2][-]{subsection.11.5}{\376\377\000A\000L\000J\000A\000B\000A\000R\000\040\000L\000I\000N\000E\000A\000R}{section.11}% 66
\BOOKMARK [1][-]{section.12}{\376\377\000O\000N\000M\000I\000P\000A\000-\000P\000T\000\040\000T\000I\000N\000G\000K\000A\000T\000\040\000W\000I\000L\000A\000Y\000A\000H\000\040\0002\0000\0001\0007}{}% 67
\BOOKMARK [2][-]{subsection.12.1}{\376\377\000A\000N\000A\000L\000I\000S\000I\000S\000\040\000R\000E\000A\000L}{section.12}% 68
\BOOKMARK [2][-]{subsection.12.2}{\376\377\000K\000O\000M\000B\000I\000N\000A\000T\000O\000R\000I\000K\000A}{section.12}% 69
\BOOKMARK [2][-]{subsection.12.3}{\376\377\000A\000N\000A\000L\000I\000S\000I\000S\000\040\000K\000O\000M\000P\000L\000E\000K\000S}{section.12}% 70
\BOOKMARK [2][-]{subsection.12.4}{\376\377\000S\000T\000R\000U\000K\000T\000U\000R\000\040\000A\000L\000J\000A\000B\000A\000R}{section.12}% 71
\BOOKMARK [2][-]{subsection.12.5}{\376\377\000A\000L\000J\000A\000B\000A\000R\000\040\000L\000I\000N\000E\000A\000R}{section.12}% 72
\BOOKMARK [1][-]{section.13}{\376\377\000O\000N\000M\000I\000P\000A\000-\000P\000T\000\040\000T\000I\000N\000G\000K\000A\000T\000\040\000W\000I\000L\000A\000Y\000A\000H\000\040\0002\0000\0001\0008}{}% 73
\BOOKMARK [2][-]{subsection.13.1}{\376\377\000A\000N\000A\000L\000I\000S\000I\000S\000\040\000R\000E\000A\000L}{section.13}% 74
\BOOKMARK [2][-]{subsection.13.2}{\376\377\000K\000O\000M\000B\000I\000N\000A\000T\000O\000R\000I\000K\000A}{section.13}% 75
\BOOKMARK [2][-]{subsection.13.3}{\376\377\000A\000N\000A\000L\000I\000S\000I\000S\000\040\000K\000O\000M\000P\000L\000E\000K\000S}{section.13}% 76
\BOOKMARK [2][-]{subsection.13.4}{\376\377\000S\000T\000R\000U\000K\000T\000U\000R\000\040\000A\000L\000J\000A\000B\000A\000R}{section.13}% 77
\BOOKMARK [2][-]{subsection.13.5}{\376\377\000A\000L\000J\000A\000B\000A\000R\000\040\000L\000I\000N\000E\000A\000R}{section.13}% 78
\BOOKMARK [1][-]{section.14}{\376\377\000O\000N\000M\000I\000P\000A\000-\000P\000T\000\040\000T\000I\000N\000G\000K\000A\000T\000\040\000W\000I\000L\000A\000Y\000A\000H\000\040\0002\0000\0001\0009}{}% 79
\BOOKMARK [2][-]{subsection.14.1}{\376\377\000H\000A\000R\000I\000\040\000P\000E\000R\000T\000A\000M\000A}{section.14}% 80
\BOOKMARK [2][-]{subsection.14.2}{\376\377\000H\000A\000R\000I\000\040\000K\000E\000D\000U\000A}{section.14}% 81
\BOOKMARK [1][-]{section.15}{\376\377\000O\000N\000M\000I\000P\000A\000-\000P\000T\000\040\000T\000I\000N\000G\000K\000A\000T\000\040\000W\000I\000L\000A\000Y\000A\000H\000\040\0002\0000\0002\0000}{}% 82
\BOOKMARK [2][-]{subsection.15.1}{\376\377\000H\000A\000R\000I\000\040\000P\000E\000R\000T\000A\000M\000A}{section.15}% 83
\BOOKMARK [2][-]{subsection.15.2}{\376\377\000H\000A\000R\000I\000\040\000K\000E\000D\000U\000A}{section.15}% 84
\BOOKMARK [1][-]{section.16}{\376\377\000K\000N\000M\000I\000P\000A\000-\000P\000T\000\040\000T\000I\000N\000G\000K\000A\000T\000\040\000W\000I\000L\000A\000Y\000A\000H\000\040\0002\0000\0002\0001}{}% 85
\BOOKMARK [2][-]{subsection.16.1}{\376\377\000H\000A\000R\000I\000\040\000P\000E\000R\000T\000A\000M\000A}{section.16}% 86
\BOOKMARK [2][-]{subsection.16.2}{\376\377\000H\000A\000R\000I\000\040\000K\000E\000D\000U\000A}{section.16}% 87
\BOOKMARK [1][-]{section.17}{\376\377\000O\000N\000M\000I\000P\000A\000-\000P\000T\000\040\000T\000I\000N\000G\000K\000A\000T\000\040\000W\000I\000L\000A\000Y\000A\000H\000\040\0002\0000\0002\0002}{}% 88
\BOOKMARK [2][-]{subsection.17.1}{\376\377\000H\000A\000R\000I\000\040\000P\000E\000R\000T\000A\000M\000A}{section.17}% 89
\BOOKMARK [2][-]{subsection.17.2}{\376\377\000H\000A\000R\000I\000\040\000K\000E\000D\000U\000A}{section.17}% 90
\BOOKMARK [1][-]{section.18}{\376\377\000O\000N\000M\000I\000P\000A\000-\000P\000T\000\040\000T\000I\000N\000G\000K\000A\000T\000\040\000W\000I\000L\000A\000Y\000A\000H\000\040\0002\0000\0002\0003}{}% 91
\BOOKMARK [2][-]{subsection.18.1}{\376\377\000H\000A\000R\000I\000\040\000P\000E\000R\000T\000A\000M\000A}{section.18}% 92
\BOOKMARK [2][-]{subsection.18.2}{\376\377\000H\000A\000R\000I\000\040\000K\000E\000D\000U\000A}{section.18}% 93
\BOOKMARK [1][-]{section.19}{\376\377\000O\000N\000M\000I\000P\000A\000-\000P\000T\000\040\000T\000I\000N\000G\000K\000A\000T\000\040\000W\000I\000L\000A\000Y\000A\000H\000\040\0002\0000\0002\0004}{}% 94
\BOOKMARK [2][-]{subsection.19.1}{\376\377\000H\000A\000R\000I\000\040\000P\000E\000R\000T\000A\000M\000A}{section.19}% 95
\BOOKMARK [2][-]{subsection.19.2}{\376\377\000H\000A\000R\000I\000\040\000K\000E\000D\000U\000A}{section.19}% 96
